<?xml version="1.0" encoding="UTF-8"?>
<testsuite name="com.google.gson.stream.JsonReaderTest" tests="120" skipped="0" failures="0" errors="0" timestamp="2019-05-02T19:54:48" hostname="coras-air.dynamic.ucsd.edu" time="0.179">
  <properties/>
  <testcase name="testIntegerMismatchFailuresDoNotAdvance" classname="com.google.gson.stream.JsonReaderTest" time="0.001"/>
  <testcase name="testTopLevelValueTypeWithSkipValue" classname="com.google.gson.stream.JsonReaderTest" time="0.001"/>
  <testcase name="testVeryLongUnquotedLiteral" classname="com.google.gson.stream.JsonReaderTest" time="0.002"/>
  <testcase name="testStrictCommentsWithSkipValue" classname="com.google.gson.stream.JsonReaderTest" time="0.001"/>
  <testcase name="testStrictVeryLongNumber" classname="com.google.gson.stream.JsonReaderTest" time="0.002"/>
  <testcase name="testStrictMultipleTopLevelValues" classname="com.google.gson.stream.JsonReaderTest" time="0.001"/>
  <testcase name="testUnescapingTruncatedSequence" classname="com.google.gson.stream.JsonReaderTest" time="0.0"/>
  <testcase name="testLenientMultipleTopLevelValues" classname="com.google.gson.stream.JsonReaderTest" time="0.0"/>
  <testcase name="testStrictSemicolonDelimitedNameValuePairWithSkipValue" classname="com.google.gson.stream.JsonReaderTest" time="0.001"/>
  <testcase name="testSkipVeryLongUnquotedString" classname="com.google.gson.stream.JsonReaderTest" time="0.001"/>
  <testcase name="testLenientSingleQuotedStrings" classname="com.google.gson.stream.JsonReaderTest" time="0.0"/>
  <testcase name="testBooleans" classname="com.google.gson.stream.JsonReaderTest" time="0.0"/>
  <testcase name="testSkipArray" classname="com.google.gson.stream.JsonReaderTest" time="0.0"/>
  <testcase name="testBomIgnoredAsFirstCharacterOfDocument" classname="com.google.gson.stream.JsonReaderTest" time="0.0"/>
  <testcase name="testUnterminatedStringFailure" classname="com.google.gson.stream.JsonReaderTest" time="0.0"/>
  <testcase name="testDeeplyNestedArrays" classname="com.google.gson.stream.JsonReaderTest" time="0.001"/>
  <testcase name="testBomForbiddenAsOtherCharacterInDocument" classname="com.google.gson.stream.JsonReaderTest" time="0.001"/>
  <testcase name="testReadEmptyArray" classname="com.google.gson.stream.JsonReaderTest" time="0.001"/>
  <testcase name="testStrictNonFiniteDoublesWithSkipValue" classname="com.google.gson.stream.JsonReaderTest" time="0.001"/>
  <testcase name="testReadObject" classname="com.google.gson.stream.JsonReaderTest" time="0.0"/>
  <testcase name="testPrematureEndOfInput" classname="com.google.gson.stream.JsonReaderTest" time="0.001"/>
  <testcase name="testNullLiteralIsNotAString" classname="com.google.gson.stream.JsonReaderTest" time="0.001"/>
  <testcase name="testLongs" classname="com.google.gson.stream.JsonReaderTest" time="0.001"/>
  <testcase name="testNulls" classname="com.google.gson.stream.JsonReaderTest" time="0.0"/>
  <testcase name="testPeekingUnquotedStringsPrefixedWithBooleans" classname="com.google.gson.stream.JsonReaderTest" time="0.0"/>
  <testcase name="testMixedCaseLiterals" classname="com.google.gson.stream.JsonReaderTest" time="0.001"/>
  <testcase name="testLenientNonExecutePrefixWithLeadingWhitespace" classname="com.google.gson.stream.JsonReaderTest" time="0.001"/>
  <testcase name="testLongLargerThanMaxLongThatWrapsAround" classname="com.google.gson.stream.JsonReaderTest" time="0.001"/>
  <testcase name="testFailWithPosition" classname="com.google.gson.stream.JsonReaderTest" time="0.0"/>
  <testcase name="testStrictUnquotedStringsWithSkipValue" classname="com.google.gson.stream.JsonReaderTest" time="0.0"/>
  <testcase name="testStrictNameValueSeparatorWithSkipValue" classname="com.google.gson.stream.JsonReaderTest" time="0.0"/>
  <testcase name="testStrictMultipleTopLevelValuesWithSkipValue" classname="com.google.gson.stream.JsonReaderTest" time="0.001"/>
  <testcase name="testLenientSemicolonDelimitedArray" classname="com.google.gson.stream.JsonReaderTest" time="0.001"/>
  <testcase name="testSkipDouble" classname="com.google.gson.stream.JsonReaderTest" time="0.001"/>
  <testcase name="testLenientUnquotedNames" classname="com.google.gson.stream.JsonReaderTest" time="0.001"/>
  <testcase name="testMalformedNumbers" classname="com.google.gson.stream.JsonReaderTest" time="0.001"/>
  <testcase name="testLenientSingleQuotedNames" classname="com.google.gson.stream.JsonReaderTest" time="0.0"/>
  <testcase name="testSkipObject" classname="com.google.gson.stream.JsonReaderTest" time="0.001"/>
  <testcase name="testLenientExtraCommasInMaps" classname="com.google.gson.stream.JsonReaderTest" time="0.0"/>
  <testcase name="testTopLevelValueTypes" classname="com.google.gson.stream.JsonReaderTest" time="0.0"/>
  <testcase name="testPeekLongMinValue" classname="com.google.gson.stream.JsonReaderTest" time="0.002"/>
  <testcase name="testStringWithLeadingSlash" classname="com.google.gson.stream.JsonReaderTest" time="0.001"/>
  <testcase name="testUnescapingInvalidCharacters" classname="com.google.gson.stream.JsonReaderTest" time="0.001"/>
  <testcase name="testPeekMuchLargerThanLongMinValue" classname="com.google.gson.stream.JsonReaderTest" time="0.001"/>
  <testcase name="testStringNullIsNotNull" classname="com.google.gson.stream.JsonReaderTest" time="0.001"/>
  <testcase name="testCommentsInStringValue" classname="com.google.gson.stream.JsonReaderTest" time="0.001"/>
  <testcase name="testStringAsNumberWithDigitAndNonDigitExponent" classname="com.google.gson.stream.JsonReaderTest" time="0.004"/>
  <testcase name="testSkipObjectAfterPeek" classname="com.google.gson.stream.JsonReaderTest" time="0.001"/>
  <testcase name="testEmptyStringName" classname="com.google.gson.stream.JsonReaderTest" time="0.003"/>
  <testcase name="testReadArray" classname="com.google.gson.stream.JsonReaderTest" time="0.005"/>
  <testcase name="testFailWithPositionOverUnquotedString" classname="com.google.gson.stream.JsonReaderTest" time="0.002"/>
  <testcase name="testLenientPartialNonExecutePrefix" classname="com.google.gson.stream.JsonReaderTest" time="0.002"/>
  <testcase name="testFailWithPositionOverSlashSlashEndOfLineComment" classname="com.google.gson.stream.JsonReaderTest" time="0.001"/>
  <testcase name="testStringAsNumberWithNonDigitExponent" classname="com.google.gson.stream.JsonReaderTest" time="0.001"/>
  <testcase name="testStrictUnnecessaryArraySeparatorsWithSkipValue" classname="com.google.gson.stream.JsonReaderTest" time="0.0"/>
  <testcase name="testStringAsNumberWithTruncatedExponent" classname="com.google.gson.stream.JsonReaderTest" time="0.0"/>
  <testcase name="testSkipInteger" classname="com.google.gson.stream.JsonReaderTest" time="0.0"/>
  <testcase name="testStrictSemicolonDelimitedArrayWithSkipValue" classname="com.google.gson.stream.JsonReaderTest" time="0.0"/>
  <testcase name="testFailWithPositionGreaterThanBufferSize" classname="com.google.gson.stream.JsonReaderTest" time="0.001"/>
  <testcase name="testSkipTopLevelQuotedString" classname="com.google.gson.stream.JsonReaderTest" time="0.001"/>
  <testcase name="testMissingValue" classname="com.google.gson.stream.JsonReaderTest" time="0.0"/>
  <testcase name="testUnterminatedObject" classname="com.google.gson.stream.JsonReaderTest" time="0.001"/>
  <testcase name="testVeryLongQuotedString" classname="com.google.gson.stream.JsonReaderTest" time="0.002"/>
  <testcase name="testFailWithPositionDeepPath" classname="com.google.gson.stream.JsonReaderTest" time="0.0"/>
  <testcase name="testStrictSingleQuotedNames" classname="com.google.gson.stream.JsonReaderTest" time="0.001"/>
  <testcase name="testLenientUnquotedStrings" classname="com.google.gson.stream.JsonReaderTest" time="0.0"/>
  <testcase name="testStrictSingleQuotedNamesWithSkipValue" classname="com.google.gson.stream.JsonReaderTest" time="0.001"/>
  <testcase name="testStrictUnnecessaryArraySeparators" classname="com.google.gson.stream.JsonReaderTest" time="0.001"/>
  <testcase name="testVeryLongUnquotedString" classname="com.google.gson.stream.JsonReaderTest" time="0.003"/>
  <testcase name="testStrictExtraCommasInMaps" classname="com.google.gson.stream.JsonReaderTest" time="0.001"/>
  <testcase name="testSkipArrayAfterPeek" classname="com.google.gson.stream.JsonReaderTest" time="0.001"/>
  <testcase name="testDeeplyNestedObjects" classname="com.google.gson.stream.JsonReaderTest" time="0.001"/>
  <testcase name="testLenientNonExecutePrefix" classname="com.google.gson.stream.JsonReaderTest" time="0.003"/>
  <testcase name="testLenientUnnecessaryArraySeparators" classname="com.google.gson.stream.JsonReaderTest" time="0.001"/>
  <testcase name="testCharacterUnescaping" classname="com.google.gson.stream.JsonReaderTest" time="0.002"/>
  <testcase name="testNextFailuresDoNotAdvance" classname="com.google.gson.stream.JsonReaderTest" time="0.001"/>
  <testcase name="testLongLargerThanMinLongThatWrapsAround" classname="com.google.gson.stream.JsonReaderTest" time="0.001"/>
  <testcase name="testReadEmptyObject" classname="com.google.gson.stream.JsonReaderTest" time="0.001"/>
  <testcase name="testMalformedDocuments" classname="com.google.gson.stream.JsonReaderTest" time="0.005"/>
  <testcase name="testUnescapingTruncatedCharacters" classname="com.google.gson.stream.JsonReaderTest" time="0.002"/>
  <testcase name="testLenientSemicolonDelimitedNameValuePair" classname="com.google.gson.stream.JsonReaderTest" time="0.0"/>
  <testcase name="testSkipTopLevelObject" classname="com.google.gson.stream.JsonReaderTest" time="0.001"/>
  <testcase name="testEmptyString" classname="com.google.gson.stream.JsonReaderTest" time="0.001"/>
  <testcase name="testStrictSemicolonDelimitedArray" classname="com.google.gson.stream.JsonReaderTest" time="0.001"/>
  <testcase name="testStrictSemicolonDelimitedNameValuePair" classname="com.google.gson.stream.JsonReaderTest" time="0.001"/>
  <testcase name="testStrictSingleQuotedStringsWithSkipValue" classname="com.google.gson.stream.JsonReaderTest" time="0.001"/>
  <testcase name="testDocumentWithCommentEndingInSlash" classname="com.google.gson.stream.JsonReaderTest" time="0.002"/>
  <testcase name="testIntegersWithFractionalPartSpecified" classname="com.google.gson.stream.JsonReaderTest" time="0.0"/>
  <testcase name="testStrictNonExecutePrefixWithSkipValue" classname="com.google.gson.stream.JsonReaderTest" time="0.0"/>
  <testcase name="testLenientNonFiniteDoubles" classname="com.google.gson.stream.JsonReaderTest" time="0.0"/>
  <testcase name="testStrictUnquotedStrings" classname="com.google.gson.stream.JsonReaderTest" time="0.001"/>
  <testcase name="testFailWithEscapedNewlineCharacter" classname="com.google.gson.stream.JsonReaderTest" time="0.0"/>
  <testcase name="testSkipVeryLongQuotedString" classname="com.google.gson.stream.JsonReaderTest" time="0.003"/>
  <testcase name="testLenientVeryLongNumber" classname="com.google.gson.stream.JsonReaderTest" time="0.004"/>
  <testcase name="testPeekLongMaxValue" classname="com.google.gson.stream.JsonReaderTest" time="0.0"/>
  <testcase name="testStrictComments" classname="com.google.gson.stream.JsonReaderTest" time="0.001"/>
  <testcase name="testStringEndingInSlash" classname="com.google.gson.stream.JsonReaderTest" time="0.003"/>
  <testcase name="testStrictUnquotedNamesWithSkipValue" classname="com.google.gson.stream.JsonReaderTest" time="0.0"/>
  <testcase name="testQuotedNumberWithEscape" classname="com.google.gson.stream.JsonReaderTest" time="0.0"/>
  <testcase name="testPrematurelyClosed" classname="com.google.gson.stream.JsonReaderTest" time="0.0"/>
  <testcase name="testSkipTopLevelUnquotedString" classname="com.google.gson.stream.JsonReaderTest" time="0.001"/>
  <testcase name="testStrictNonExecutePrefix" classname="com.google.gson.stream.JsonReaderTest" time="0.0"/>
  <testcase name="testInvalidJsonInput" classname="com.google.gson.stream.JsonReaderTest" time="0.001"/>
  <testcase name="testVeryLongUnterminatedString" classname="com.google.gson.stream.JsonReaderTest" time="0.002"/>
  <testcase name="testNegativeZero" classname="com.google.gson.stream.JsonReaderTest" time="0.0"/>
  <testcase name="testDoubles" classname="com.google.gson.stream.JsonReaderTest" time="0.001"/>
  <testcase name="testStrictNameValueSeparator" classname="com.google.gson.stream.JsonReaderTest" time="0.0"/>
  <testcase name="testFailWithPositionOverQuotedString" classname="com.google.gson.stream.JsonReaderTest" time="0.001"/>
  <testcase name="testStrictUnquotedNames" classname="com.google.gson.stream.JsonReaderTest" time="0.001"/>
  <testcase name="testLenientComments" classname="com.google.gson.stream.JsonReaderTest" time="0.001"/>
  <testcase name="testPeekingUnquotedStringsPrefixedWithIntegers" classname="com.google.gson.stream.JsonReaderTest" time="0.001"/>
  <testcase name="testFailWithPositionOverCStyleComment" classname="com.google.gson.stream.JsonReaderTest" time="0.001"/>
  <testcase name="testStrictSingleQuotedStrings" classname="com.google.gson.stream.JsonReaderTest" time="0.001"/>
  <testcase name="testFailWithPositionOverHashEndOfLineComment" classname="com.google.gson.stream.JsonReaderTest" time="0.0"/>
  <testcase name="testStrictQuotedNonFiniteDoubles" classname="com.google.gson.stream.JsonReaderTest" time="0.001"/>
  <testcase name="testLenientQuotedNonFiniteDoubles" classname="com.google.gson.stream.JsonReaderTest" time="0.0"/>
  <testcase name="testFailWithPositionIsOffsetByBom" classname="com.google.gson.stream.JsonReaderTest" time="0.0"/>
  <testcase name="testHelloWorld" classname="com.google.gson.stream.JsonReaderTest" time="0.001"/>
  <testcase name="testLenientNameValueSeparator" classname="com.google.gson.stream.JsonReaderTest" time="0.0"/>
  <testcase name="testStrictNonFiniteDoubles" classname="com.google.gson.stream.JsonReaderTest" time="0.001"/>
  <system-out><![CDATA[]]></system-out>
  <system-err><![CDATA[]]></system-err>
</testsuite>
