<?xml version="1.0" encoding="UTF-8"?>
<testsuite name="com.google.gson.GsonTypeAdapterTest" tests="5" skipped="0" failures="0" errors="0" timestamp="2019-05-02T19:54:48" hostname="coras-air.dynamic.ucsd.edu" time="0.01">
  <properties/>
  <testcase name="testDefaultTypeAdapterThrowsParseException" classname="com.google.gson.GsonTypeAdapterTest" time="0.004"/>
  <testcase name="testDeserializerForAbstractClass" classname="com.google.gson.GsonTypeAdapterTest" time="0.004"/>
  <testcase name="testTypeAdapterThrowsException" classname="com.google.gson.GsonTypeAdapterTest" time="0.0"/>
  <testcase name="testTypeAdapterProperlyConvertsTypes" classname="com.google.gson.GsonTypeAdapterTest" time="0.002"/>
  <testcase name="testTypeAdapterDoesNotAffectNonAdaptedTypes" classname="com.google.gson.GsonTypeAdapterTest" time="0.0"/>
  <system-out><![CDATA[]]></system-out>
  <system-err><![CDATA[]]></system-err>
</testsuite>
