<?xml version="1.0" encoding="UTF-8"?>
<testsuite name="com.google.gson.functional.ParameterizedTypesTest" tests="17" skipped="0" failures="0" errors="0" timestamp="2019-05-02T19:54:49" hostname="coras-air.dynamic.ucsd.edu" time="0.035">
  <properties/>
  <testcase name="testVariableTypeArrayDeserialization" classname="com.google.gson.functional.ParameterizedTypesTest" time="0.005"/>
  <testcase name="testDeepParameterizedTypeDeserialization" classname="com.google.gson.functional.ParameterizedTypesTest" time="0.001"/>
  <testcase name="testParameterizedTypeWithCustomSerializer" classname="com.google.gson.functional.ParameterizedTypesTest" time="0.005"/>
  <testcase name="testVariableTypeFieldsAndGenericArraysSerialization" classname="com.google.gson.functional.ParameterizedTypesTest" time="0.002"/>
  <testcase name="testVariableTypeDeserialization" classname="com.google.gson.functional.ParameterizedTypesTest" time="0.001"/>
  <testcase name="testParameterizedTypeGenericArraysSerialization" classname="com.google.gson.functional.ParameterizedTypesTest" time="0.001"/>
  <testcase name="testDeepParameterizedTypeSerialization" classname="com.google.gson.functional.ParameterizedTypesTest" time="0.001"/>
  <testcase name="testTypesWithMultipleParametersSerialization" classname="com.google.gson.functional.ParameterizedTypesTest" time="0.003"/>
  <testcase name="testParameterizedTypeWithReaderDeserialization" classname="com.google.gson.functional.ParameterizedTypesTest" time="0.002"/>
  <testcase name="testVariableTypeFieldsAndGenericArraysDeserialization" classname="com.google.gson.functional.ParameterizedTypesTest" time="0.001"/>
  <testcase name="testParameterizedTypeGenericArraysDeserialization" classname="com.google.gson.functional.ParameterizedTypesTest" time="0.002"/>
  <testcase name="testParameterizedTypeWithVariableTypeDeserialization" classname="com.google.gson.functional.ParameterizedTypesTest" time="0.003"/>
  <testcase name="testParameterizedTypeDeserialization" classname="com.google.gson.functional.ParameterizedTypesTest" time="0.001"/>
  <testcase name="testParameterizedTypesSerialization" classname="com.google.gson.functional.ParameterizedTypesTest" time="0.001"/>
  <testcase name="testParameterizedTypesWithCustomDeserializer" classname="com.google.gson.functional.ParameterizedTypesTest" time="0.002"/>
  <testcase name="testTypesWithMultipleParametersDeserialization" classname="com.google.gson.functional.ParameterizedTypesTest" time="0.003"/>
  <testcase name="testParameterizedTypesWithWriterSerialization" classname="com.google.gson.functional.ParameterizedTypesTest" time="0.001"/>
  <system-out><![CDATA[]]></system-out>
  <system-err><![CDATA[]]></system-err>
</testsuite>
