<?xml version="1.0" encoding="UTF-8"?>
<testsuite name="com.google.gson.internal.LinkedTreeMapTest" tests="11" skipped="0" failures="0" errors="0" timestamp="2019-05-02T19:54:48" hostname="coras-air.dynamic.ucsd.edu" time="0.018">
  <properties/>
  <testcase name="testPutOverrides" classname="com.google.gson.internal.LinkedTreeMapTest" time="0.0"/>
  <testcase name="testPutNullKeyFails" classname="com.google.gson.internal.LinkedTreeMapTest" time="0.0"/>
  <testcase name="testClear" classname="com.google.gson.internal.LinkedTreeMapTest" time="0.001"/>
  <testcase name="testLargeSetOfRandomKeys" classname="com.google.gson.internal.LinkedTreeMapTest" time="0.013"/>
  <testcase name="testContainsNonComparableKeyReturnsFalse" classname="com.google.gson.internal.LinkedTreeMapTest" time="0.0"/>
  <testcase name="testEmptyStringValues" classname="com.google.gson.internal.LinkedTreeMapTest" time="0.0"/>
  <testcase name="testIterationOrder" classname="com.google.gson.internal.LinkedTreeMapTest" time="0.003"/>
  <testcase name="testPutNonComparableKeyFails" classname="com.google.gson.internal.LinkedTreeMapTest" time="0.0"/>
  <testcase name="testContainsNullKeyIsAlwaysFalse" classname="com.google.gson.internal.LinkedTreeMapTest" time="0.0"/>
  <testcase name="testEqualsAndHashCode" classname="com.google.gson.internal.LinkedTreeMapTest" time="0.0"/>
  <testcase name="testRemoveRootDoesNotDoubleUnlink" classname="com.google.gson.internal.LinkedTreeMapTest" time="0.0"/>
  <system-out><![CDATA[]]></system-out>
  <system-err><![CDATA[]]></system-err>
</testsuite>
