<?xml version="1.0" encoding="UTF-8"?>
<testsuite name="com.google.gson.JavaSerializationTest" tests="3" skipped="0" failures="0" errors="0" timestamp="2019-05-02T19:54:48" hostname="coras-air.dynamic.ucsd.edu" time="0.031">
  <properties/>
  <testcase name="testNumberIsSerializable" classname="com.google.gson.JavaSerializationTest" time="0.017"/>
  <testcase name="testMapIsSerializable" classname="com.google.gson.JavaSerializationTest" time="0.011"/>
  <testcase name="testListIsSerializable" classname="com.google.gson.JavaSerializationTest" time="0.002"/>
  <system-out><![CDATA[]]></system-out>
  <system-err><![CDATA[]]></system-err>
</testsuite>
