<?xml version="1.0" encoding="UTF-8"?>
<testsuite name="com.google.gson.functional.NullObjectAndFieldTest" tests="16" skipped="0" failures="0" errors="0" timestamp="2019-05-02T19:54:49" hostname="coras-air.dynamic.ucsd.edu" time="0.009">
  <properties/>
  <testcase name="testExplicitSerializationOfNullArrayMembers" classname="com.google.gson.functional.NullObjectAndFieldTest" time="0.003"/>
  <testcase name="testExplicitDeserializationOfNulls" classname="com.google.gson.functional.NullObjectAndFieldTest" time="0.0"/>
  <testcase name="testAbsentJsonElementsAreSetToNull" classname="com.google.gson.functional.NullObjectAndFieldTest" time="0.001"/>
  <testcase name="testPrintPrintingArraysWithNulls" classname="com.google.gson.functional.NullObjectAndFieldTest" time="0.001"/>
  <testcase name="testCustomTypeAdapterPassesNullDesrialization" classname="com.google.gson.functional.NullObjectAndFieldTest" time="0.001"/>
  <testcase name="testCustomTypeAdapterPassesNullSerialization" classname="com.google.gson.functional.NullObjectAndFieldTest" time="0.0"/>
  <testcase name="testExplicitSerializationOfNullCollectionMembers" classname="com.google.gson.functional.NullObjectAndFieldTest" time="0.0"/>
  <testcase name="testExplicitSerializationOfNullStringMembers" classname="com.google.gson.functional.NullObjectAndFieldTest" time="0.0"/>
  <testcase name="testExplicitNullSetsFieldToNullDuringDeserialization" classname="com.google.gson.functional.NullObjectAndFieldTest" time="0.001"/>
  <testcase name="testNullWrappedPrimitiveMemberSerialization" classname="com.google.gson.functional.NullObjectAndFieldTest" time="0.001"/>
  <testcase name="testCustomSerializationOfNulls" classname="com.google.gson.functional.NullObjectAndFieldTest" time="0.0"/>
  <testcase name="testExplicitSerializationOfNulls" classname="com.google.gson.functional.NullObjectAndFieldTest" time="0.0"/>
  <testcase name="testTopLevelNullObjectSerialization" classname="com.google.gson.functional.NullObjectAndFieldTest" time="0.0"/>
  <testcase name="testTopLevelNullObjectDeserialization" classname="com.google.gson.functional.NullObjectAndFieldTest" time="0.0"/>
  <testcase name="testPrintPrintingObjectWithNulls" classname="com.google.gson.functional.NullObjectAndFieldTest" time="0.0"/>
  <testcase name="testNullWrappedPrimitiveMemberDeserialization" classname="com.google.gson.functional.NullObjectAndFieldTest" time="0.0"/>
  <system-out><![CDATA[]]></system-out>
  <system-err><![CDATA[]]></system-err>
</testsuite>
