<?xml version="1.0" encoding="UTF-8"?>
<testsuite name="com.google.gson.functional.ObjectTest" tests="44" skipped="0" failures="0" errors="0" timestamp="2019-05-02T19:54:49" hostname="coras-air.dynamic.ucsd.edu" time="0.065">
  <properties/>
  <testcase name="testClassWithTransientFieldsSerialization" classname="com.google.gson.functional.ObjectTest" time="0.006"/>
  <testcase name="testSingletonLists" classname="com.google.gson.functional.ObjectTest" time="0.003"/>
  <testcase name="testPrimitiveArrayInAnObjectDeserialization" classname="com.google.gson.functional.ObjectTest" time="0.0"/>
  <testcase name="testStringFieldWithEmptyValueDeserialization" classname="com.google.gson.functional.ObjectTest" time="0.003"/>
  <testcase name="testArrayOfArraysSerialization" classname="com.google.gson.functional.ObjectTest" time="0.008"/>
  <testcase name="testClassWithTransientFieldsDeserializationTransientFieldsPassedInJsonAreIgnored" classname="com.google.gson.functional.ObjectTest" time="0.0"/>
  <testcase name="testArrayOfObjectsDeserialization" classname="com.google.gson.functional.ObjectTest" time="0.0"/>
  <testcase name="testClassWithObjectFieldSerialization" classname="com.google.gson.functional.ObjectTest" time="0.001"/>
  <testcase name="testNullPrimitiveFieldsDeserialization" classname="com.google.gson.functional.ObjectTest" time="0.002"/>
  <testcase name="testPrivateNoArgConstructorDeserialization" classname="com.google.gson.functional.ObjectTest" time="0.001"/>
  <testcase name="testStringFieldWithEmptyValueSerialization" classname="com.google.gson.functional.ObjectTest" time="0.0"/>
  <testcase name="testJsonObjectSerialization" classname="com.google.gson.functional.ObjectTest" time="0.0"/>
  <testcase name="testBagOfPrimitiveWrappersDeserialization" classname="com.google.gson.functional.ObjectTest" time="0.001"/>
  <testcase name="testTruncatedDeserialization" classname="com.google.gson.functional.ObjectTest" time="0.005"/>
  <testcase name="testInnerClassSerialization" classname="com.google.gson.functional.ObjectTest" time="0.003"/>
  <testcase name="testBagOfPrimitivesDeserialization" classname="com.google.gson.functional.ObjectTest" time="0.0"/>
  <testcase name="testNullSerialization" classname="com.google.gson.functional.ObjectTest" time="0.0"/>
  <testcase name="testArrayOfObjectsAsFields" classname="com.google.gson.functional.ObjectTest" time="0.001"/>
  <testcase name="testEmptyStringDeserialization" classname="com.google.gson.functional.ObjectTest" time="0.0"/>
  <testcase name="testNullArraysDeserialization" classname="com.google.gson.functional.ObjectTest" time="0.001"/>
  <testcase name="testAnonymousLocalClassesSerialization" classname="com.google.gson.functional.ObjectTest" time="0.001"/>
  <testcase name="testClassWithTransientFieldsDeserialization" classname="com.google.gson.functional.ObjectTest" time="0.0"/>
  <testcase name="testAnonymousLocalClassesCustomSerialization" classname="com.google.gson.functional.ObjectTest" time="0.003"/>
  <testcase name="testArrayOfObjectsSerialization" classname="com.google.gson.functional.ObjectTest" time="0.0"/>
  <testcase name="testJsonInMixedQuotesDeserialization" classname="com.google.gson.functional.ObjectTest" time="0.0"/>
  <testcase name="testPrimitiveArrayFieldSerialization" classname="com.google.gson.functional.ObjectTest" time="0.001"/>
  <testcase name="testNestedSerialization" classname="com.google.gson.functional.ObjectTest" time="0.0"/>
  <testcase name="testClassWithNoFieldsSerialization" classname="com.google.gson.functional.ObjectTest" time="0.0"/>
  <testcase name="testObjectFieldNamesWithoutQuotesDeserialization" classname="com.google.gson.functional.ObjectTest" time="0.0"/>
  <testcase name="testEmptyCollectionInAnObjectSerialization" classname="com.google.gson.functional.ObjectTest" time="0.009"/>
  <testcase name="testStringFieldWithNumberValueDeserialization" classname="com.google.gson.functional.ObjectTest" time="0.0"/>
  <testcase name="testJsonInSingleQuotesDeserialization" classname="com.google.gson.functional.ObjectTest" time="0.0"/>
  <testcase name="testClassWithNoFieldsDeserialization" classname="com.google.gson.functional.ObjectTest" time="0.0"/>
  <testcase name="testNullDeserialization" classname="com.google.gson.functional.ObjectTest" time="0.0"/>
  <testcase name="testNullFieldsSerialization" classname="com.google.gson.functional.ObjectTest" time="0.001"/>
  <testcase name="testArrayOfArraysDeserialization" classname="com.google.gson.functional.ObjectTest" time="0.0"/>
  <testcase name="testBagOfPrimitiveWrappersSerialization" classname="com.google.gson.functional.ObjectTest" time="0.0"/>
  <testcase name="testDateAsMapObjectField" classname="com.google.gson.functional.ObjectTest" time="0.001"/>
  <testcase name="testNullFieldsDeserialization" classname="com.google.gson.functional.ObjectTest" time="0.0"/>
  <testcase name="testBagOfPrimitivesSerialization" classname="com.google.gson.functional.ObjectTest" time="0.001"/>
  <testcase name="testEmptyCollectionInAnObjectDeserialization" classname="com.google.gson.functional.ObjectTest" time="0.0"/>
  <testcase name="testNullObjectFieldsDeserialization" classname="com.google.gson.functional.ObjectTest" time="0.0"/>
  <testcase name="testNestedDeserialization" classname="com.google.gson.functional.ObjectTest" time="0.0"/>
  <testcase name="testInnerClassDeserialization" classname="com.google.gson.functional.ObjectTest" time="0.001"/>
  <system-out><![CDATA[]]></system-out>
  <system-err><![CDATA[]]></system-err>
</testsuite>
