<?xml version="1.0" encoding="UTF-8"?>
<testsuite name="com.google.gson.stream.JsonReaderPathTest" tests="20" skipped="1" failures="0" errors="0" timestamp="2019-05-02T19:54:48" hostname="coras-air.dynamic.ucsd.edu" time="0.024">
  <properties/>
  <testcase name="multipleTopLevelValuesInOneDocument[STRING_READER]" classname="com.google.gson.stream.JsonReaderPathTest" time="0.005"/>
  <testcase name="skipObjectValues[STRING_READER]" classname="com.google.gson.stream.JsonReaderPathTest" time="0.0"/>
  <testcase name="arrayPath[STRING_READER]" classname="com.google.gson.stream.JsonReaderPathTest" time="0.001"/>
  <testcase name="path[STRING_READER]" classname="com.google.gson.stream.JsonReaderPathTest" time="0.0"/>
  <testcase name="skipObjectNames[STRING_READER]" classname="com.google.gson.stream.JsonReaderPathTest" time="0.0"/>
  <testcase name="skipArrayElements[STRING_READER]" classname="com.google.gson.stream.JsonReaderPathTest" time="0.0"/>
  <testcase name="arrayOfObjects[STRING_READER]" classname="com.google.gson.stream.JsonReaderPathTest" time="0.0"/>
  <testcase name="objectPath[STRING_READER]" classname="com.google.gson.stream.JsonReaderPathTest" time="0.0"/>
  <testcase name="arrayOfArrays[STRING_READER]" classname="com.google.gson.stream.JsonReaderPathTest" time="0.0"/>
  <testcase name="skipNestedStructures[STRING_READER]" classname="com.google.gson.stream.JsonReaderPathTest" time="0.001"/>
  <testcase name="multipleTopLevelValuesInOneDocument[OBJECT_READER]" classname="com.google.gson.stream.JsonReaderPathTest" time="0.002">
    <skipped/>
  </testcase>
  <testcase name="skipObjectValues[OBJECT_READER]" classname="com.google.gson.stream.JsonReaderPathTest" time="0.001"/>
  <testcase name="arrayPath[OBJECT_READER]" classname="com.google.gson.stream.JsonReaderPathTest" time="0.0"/>
  <testcase name="path[OBJECT_READER]" classname="com.google.gson.stream.JsonReaderPathTest" time="0.001"/>
  <testcase name="skipObjectNames[OBJECT_READER]" classname="com.google.gson.stream.JsonReaderPathTest" time="0.0"/>
  <testcase name="skipArrayElements[OBJECT_READER]" classname="com.google.gson.stream.JsonReaderPathTest" time="0.0"/>
  <testcase name="arrayOfObjects[OBJECT_READER]" classname="com.google.gson.stream.JsonReaderPathTest" time="0.001"/>
  <testcase name="objectPath[OBJECT_READER]" classname="com.google.gson.stream.JsonReaderPathTest" time="0.001"/>
  <testcase name="arrayOfArrays[OBJECT_READER]" classname="com.google.gson.stream.JsonReaderPathTest" time="0.001"/>
  <testcase name="skipNestedStructures[OBJECT_READER]" classname="com.google.gson.stream.JsonReaderPathTest" time="0.001"/>
  <system-out><![CDATA[]]></system-out>
  <system-err><![CDATA[]]></system-err>
</testsuite>
