<?xml version="1.0" encoding="UTF-8"?>
<testsuite name="com.google.gson.functional.ExclusionStrategyFunctionalTest" tests="9" skipped="0" failures="0" errors="0" timestamp="2019-05-02T19:54:50" hostname="coras-air.dynamic.ucsd.edu" time="0.006">
  <properties/>
  <testcase name="testExclusionStrategySerializationDoesNotImpactSerialization" classname="com.google.gson.functional.ExclusionStrategyFunctionalTest" time="0.004"/>
  <testcase name="testExcludeTopLevelClassSerialization" classname="com.google.gson.functional.ExclusionStrategyFunctionalTest" time="0.0"/>
  <testcase name="testExclusionStrategyWithMode" classname="com.google.gson.functional.ExclusionStrategyFunctionalTest" time="0.001"/>
  <testcase name="testExcludeTopLevelClassDeserializationDoesNotImpactSerialization" classname="com.google.gson.functional.ExclusionStrategyFunctionalTest" time="0.0"/>
  <testcase name="testExcludeTopLevelClassDeserialization" classname="com.google.gson.functional.ExclusionStrategyFunctionalTest" time="0.0"/>
  <testcase name="testExcludeTopLevelClassSerializationDoesNotImpactDeserialization" classname="com.google.gson.functional.ExclusionStrategyFunctionalTest" time="0.0"/>
  <testcase name="testExclusionStrategySerialization" classname="com.google.gson.functional.ExclusionStrategyFunctionalTest" time="0.0"/>
  <testcase name="testExclusionStrategySerializationDoesNotImpactDeserialization" classname="com.google.gson.functional.ExclusionStrategyFunctionalTest" time="0.001"/>
  <testcase name="testExclusionStrategyDeserialization" classname="com.google.gson.functional.ExclusionStrategyFunctionalTest" time="0.0"/>
  <system-out><![CDATA[]]></system-out>
  <system-err><![CDATA[]]></system-err>
</testsuite>
