<?xml version="1.0" encoding="UTF-8"?>
<testsuite name="com.google.gson.functional.PrintFormattingTest" tests="3" skipped="0" failures="0" errors="0" timestamp="2019-05-02T19:54:50" hostname="coras-air.dynamic.ucsd.edu" time="0.005">
  <properties/>
  <testcase name="testCompactFormattingLeavesNoWhiteSpace" classname="com.google.gson.functional.PrintFormattingTest" time="0.002"/>
  <testcase name="testJsonObjectWithNullValuesSerialized" classname="com.google.gson.functional.PrintFormattingTest" time="0.001"/>
  <testcase name="testJsonObjectWithNullValues" classname="com.google.gson.functional.PrintFormattingTest" time="0.001"/>
  <system-out><![CDATA[]]></system-out>
  <system-err><![CDATA[]]></system-err>
</testsuite>
