<?xml version="1.0" encoding="UTF-8"?>
<testsuite name="com.google.gson.ObjectTypeAdapterTest" tests="5" skipped="0" failures="0" errors="0" timestamp="2019-05-02T19:54:48" hostname="coras-air.dynamic.ucsd.edu" time="0.012">
  <properties/>
  <testcase name="testSerializeObject" classname="com.google.gson.ObjectTypeAdapterTest" time="0.001"/>
  <testcase name="testSerialize" classname="com.google.gson.ObjectTypeAdapterTest" time="0.006"/>
  <testcase name="testDeserializeNullValue" classname="com.google.gson.ObjectTypeAdapterTest" time="0.001"/>
  <testcase name="testDeserialize" classname="com.google.gson.ObjectTypeAdapterTest" time="0.004"/>
  <testcase name="testSerializeNullValue" classname="com.google.gson.ObjectTypeAdapterTest" time="0.0"/>
  <system-out><![CDATA[]]></system-out>
  <system-err><![CDATA[]]></system-err>
</testsuite>
