<?xml version="1.0" encoding="UTF-8"?>
<testsuite name="com.google.gson.internal.LinkedHashTreeMapTest" tests="15" skipped="0" failures="0" errors="0" timestamp="2019-05-02T19:54:48" hostname="coras-air.dynamic.ucsd.edu" time="0.027">
  <properties/>
  <testcase name="testDoubleCapacityAllNodesOnLeft" classname="com.google.gson.internal.LinkedHashTreeMapTest" time="0.004"/>
  <testcase name="testForceDoublingAndRehash" classname="com.google.gson.internal.LinkedHashTreeMapTest" time="0.006"/>
  <testcase name="testPutOverrides" classname="com.google.gson.internal.LinkedHashTreeMapTest" time="0.001"/>
  <testcase name="testPutNullKeyFails" classname="com.google.gson.internal.LinkedHashTreeMapTest" time="0.0"/>
  <testcase name="testClear" classname="com.google.gson.internal.LinkedHashTreeMapTest" time="0.005"/>
  <testcase name="testContainsNonComparableKeyReturnsFalse" classname="com.google.gson.internal.LinkedHashTreeMapTest" time="0.0"/>
  <testcase name="testEmptyStringValues" classname="com.google.gson.internal.LinkedHashTreeMapTest" time="0.0"/>
  <testcase name="testIterationOrder" classname="com.google.gson.internal.LinkedHashTreeMapTest" time="0.006"/>
  <testcase name="testPutNonComparableKeyFails" classname="com.google.gson.internal.LinkedHashTreeMapTest" time="0.0"/>
  <testcase name="testAvlBuilder" classname="com.google.gson.internal.LinkedHashTreeMapTest" time="0.003"/>
  <testcase name="testAvlWalker" classname="com.google.gson.internal.LinkedHashTreeMapTest" time="0.0"/>
  <testcase name="testContainsNullKeyIsAlwaysFalse" classname="com.google.gson.internal.LinkedHashTreeMapTest" time="0.0"/>
  <testcase name="testEqualsAndHashCode" classname="com.google.gson.internal.LinkedHashTreeMapTest" time="0.0"/>
  <testcase name="testDoubleCapacity" classname="com.google.gson.internal.LinkedHashTreeMapTest" time="0.0"/>
  <testcase name="testRemoveRootDoesNotDoubleUnlink" classname="com.google.gson.internal.LinkedHashTreeMapTest" time="0.0"/>
  <system-out><![CDATA[]]></system-out>
  <system-err><![CDATA[]]></system-err>
</testsuite>
