<?xml version="1.0" encoding="UTF-8"?>
<testsuite name="com.google.gson.functional.RuntimeTypeAdapterFactoryFunctionalTest" tests="1" skipped="0" failures="0" errors="0" timestamp="2019-05-02T19:54:49" hostname="coras-air.dynamic.ucsd.edu" time="0.008">
  <properties/>
  <testcase name="testSubclassesAutomaticallySerialized" classname="com.google.gson.functional.RuntimeTypeAdapterFactoryFunctionalTest" time="0.008"/>
  <system-out><![CDATA[]]></system-out>
  <system-err><![CDATA[]]></system-err>
</testsuite>
