<?xml version="1.0" encoding="UTF-8"?>
<testsuite name="com.google.gson.DefaultDateTypeAdapterTest" tests="11" skipped="0" failures="0" errors="0" timestamp="2019-05-02T19:54:48" hostname="coras-air.dynamic.ucsd.edu" time="0.139">
  <properties/>
  <testcase name="testInvalidDatePattern" classname="com.google.gson.DefaultDateTypeAdapterTest" time="0.043"/>
  <testcase name="testDateSerialization" classname="com.google.gson.DefaultDateTypeAdapterTest" time="0.016"/>
  <testcase name="testDatePattern" classname="com.google.gson.DefaultDateTypeAdapterTest" time="0.001"/>
  <testcase name="testFormattingInEnUs" classname="com.google.gson.DefaultDateTypeAdapterTest" time="0.007"/>
  <testcase name="testDateDeserializationISO8601" classname="com.google.gson.DefaultDateTypeAdapterTest" time="0.009"/>
  <testcase name="testParsingDatesFormattedWithSystemLocale" classname="com.google.gson.DefaultDateTypeAdapterTest" time="0.038"/>
  <testcase name="testFormattingInFr" classname="com.google.gson.DefaultDateTypeAdapterTest" time="0.007"/>
  <testcase name="testUnexpectedToken" classname="com.google.gson.DefaultDateTypeAdapterTest" time="0.0"/>
  <testcase name="testFormatUsesDefaultTimezone" classname="com.google.gson.DefaultDateTypeAdapterTest" time="0.001"/>
  <testcase name="testNullValue" classname="com.google.gson.DefaultDateTypeAdapterTest" time="0.0"/>
  <testcase name="testParsingDatesFormattedWithUsLocale" classname="com.google.gson.DefaultDateTypeAdapterTest" time="0.013"/>
  <system-out><![CDATA[]]></system-out>
  <system-err><![CDATA[]]></system-err>
</testsuite>
