<?xml version="1.0" encoding="UTF-8"?>
<testsuite name="com.google.gson.ExposeAnnotationExclusionStrategyTest" tests="6" skipped="0" failures="0" errors="0" timestamp="2019-05-02T19:54:48" hostname="coras-air.dynamic.ucsd.edu" time="0.011">
  <properties/>
  <testcase name="testSkipNonAnnotatedFields" classname="com.google.gson.ExposeAnnotationExclusionStrategyTest" time="0.004"/>
  <testcase name="testDifferentSerializeAndDeserializeField" classname="com.google.gson.ExposeAnnotationExclusionStrategyTest" time="0.004"/>
  <testcase name="testNeverSkipExposedAnnotatedFields" classname="com.google.gson.ExposeAnnotationExclusionStrategyTest" time="0.001"/>
  <testcase name="testNeverSkipClasses" classname="com.google.gson.ExposeAnnotationExclusionStrategyTest" time="0.001"/>
  <testcase name="testNeverSkipExplicitlyExposedAnnotatedFields" classname="com.google.gson.ExposeAnnotationExclusionStrategyTest" time="0.0"/>
  <testcase name="testSkipExplicitlySkippedFields" classname="com.google.gson.ExposeAnnotationExclusionStrategyTest" time="0.001"/>
  <system-out><![CDATA[]]></system-out>
  <system-err><![CDATA[]]></system-err>
</testsuite>
