<?xml version="1.0" encoding="UTF-8"?>
<testsuite name="com.google.gson.functional.VersioningTest" tests="10" skipped="0" failures="0" errors="0" timestamp="2019-05-02T19:54:50" hostname="coras-air.dynamic.ucsd.edu" time="0.01">
  <properties/>
  <testcase name="testIgnoreLaterVersionClassSerialization" classname="com.google.gson.functional.VersioningTest" time="0.001"/>
  <testcase name="testVersionedGsonMixingSinceAndUntilSerialization" classname="com.google.gson.functional.VersioningTest" time="0.005"/>
  <testcase name="testVersionedGsonMixingSinceAndUntilDeserialization" classname="com.google.gson.functional.VersioningTest" time="0.0"/>
  <testcase name="testVersionedClassesDeserialization" classname="com.google.gson.functional.VersioningTest" time="0.001"/>
  <testcase name="testVersionedGsonWithUnversionedClassesSerialization" classname="com.google.gson.functional.VersioningTest" time="0.001"/>
  <testcase name="testVersionedClassesSerialization" classname="com.google.gson.functional.VersioningTest" time="0.001"/>
  <testcase name="testVersionedUntilDeserialization" classname="com.google.gson.functional.VersioningTest" time="0.0"/>
  <testcase name="testVersionedGsonWithUnversionedClassesDeserialization" classname="com.google.gson.functional.VersioningTest" time="0.001"/>
  <testcase name="testVersionedUntilSerialization" classname="com.google.gson.functional.VersioningTest" time="0.0"/>
  <testcase name="testIgnoreLaterVersionClassDeserialization" classname="com.google.gson.functional.VersioningTest" time="0.0"/>
  <system-out><![CDATA[]]></system-out>
  <system-err><![CDATA[]]></system-err>
</testsuite>
