<?xml version="1.0" encoding="UTF-8"?>
<testsuite name="com.google.gson.functional.ReadersWritersTest" tests="10" skipped="0" failures="0" errors="0" timestamp="2019-05-02T19:54:50" hostname="coras-air.dynamic.ucsd.edu" time="0.004">
  <properties/>
  <testcase name="testTypeMismatchThrowsJsonSyntaxExceptionForStrings" classname="com.google.gson.functional.ReadersWritersTest" time="0.001"/>
  <testcase name="testReadWriteTwoStrings" classname="com.google.gson.functional.ReadersWritersTest" time="0.0"/>
  <testcase name="testReaderForDeserialization" classname="com.google.gson.functional.ReadersWritersTest" time="0.0"/>
  <testcase name="testReadWriteTwoObjects" classname="com.google.gson.functional.ReadersWritersTest" time="0.0"/>
  <testcase name="testTopLevelNullObjectSerializationWithWriter" classname="com.google.gson.functional.ReadersWritersTest" time="0.0"/>
  <testcase name="testTopLevelNullObjectDeserializationWithReaderAndSerializeNulls" classname="com.google.gson.functional.ReadersWritersTest" time="0.0"/>
  <testcase name="testTopLevelNullObjectDeserializationWithReader" classname="com.google.gson.functional.ReadersWritersTest" time="0.0"/>
  <testcase name="testTypeMismatchThrowsJsonSyntaxExceptionForReaders" classname="com.google.gson.functional.ReadersWritersTest" time="0.001"/>
  <testcase name="testTopLevelNullObjectSerializationWithWriterAndSerializeNulls" classname="com.google.gson.functional.ReadersWritersTest" time="0.0"/>
  <testcase name="testWriterForSerialization" classname="com.google.gson.functional.ReadersWritersTest" time="0.001"/>
  <system-out><![CDATA[]]></system-out>
  <system-err><![CDATA[]]></system-err>
</testsuite>
