<?xml version="1.0" encoding="UTF-8"?>
<testsuite name="com.google.gson.functional.InstanceCreatorTest" tests="5" skipped="0" failures="0" errors="0" timestamp="2019-05-02T19:54:49" hostname="coras-air.dynamic.ucsd.edu" time="0.014">
  <properties/>
  <testcase name="testInstanceCreatorForCollectionType" classname="com.google.gson.functional.InstanceCreatorTest" time="0.003"/>
  <testcase name="testInstanceCreatorReturnsSubTypeForField" classname="com.google.gson.functional.InstanceCreatorTest" time="0.005"/>
  <testcase name="testInstanceCreatorReturnsSubTypeForTopLevelObject" classname="com.google.gson.functional.InstanceCreatorTest" time="0.002"/>
  <testcase name="testInstanceCreatorReturnsBaseType" classname="com.google.gson.functional.InstanceCreatorTest" time="0.001"/>
  <testcase name="testInstanceCreatorForParametrizedType" classname="com.google.gson.functional.InstanceCreatorTest" time="0.002"/>
  <system-out><![CDATA[]]></system-out>
  <system-err><![CDATA[]]></system-err>
</testsuite>
