<?xml version="1.0" encoding="UTF-8"?>
<testsuite name="com.google.gson.internal.GsonTypesTest" tests="2" skipped="0" failures="0" errors="0" timestamp="2019-05-02T19:54:48" hostname="coras-air.dynamic.ucsd.edu" time="0.004">
  <properties/>
  <testcase name="testGetFirstTypeArgument" classname="com.google.gson.internal.GsonTypesTest" time="0.002"/>
  <testcase name="testNewParameterizedTypeWithoutOwner" classname="com.google.gson.internal.GsonTypesTest" time="0.001"/>
  <system-out><![CDATA[]]></system-out>
  <system-err><![CDATA[]]></system-err>
</testsuite>
