<?xml version="1.0" encoding="UTF-8"?>
<testsuite name="com.google.gson.DefaultMapJsonSerializerTest" tests="3" skipped="0" failures="0" errors="0" timestamp="2019-05-02T19:54:48" hostname="coras-air.dynamic.ucsd.edu" time="0.004">
  <properties/>
  <testcase name="testNonEmptyMapSerialization" classname="com.google.gson.DefaultMapJsonSerializerTest" time="0.001"/>
  <testcase name="testEmptyMapSerialization" classname="com.google.gson.DefaultMapJsonSerializerTest" time="0.003"/>
  <testcase name="testEmptyMapNoTypeSerialization" classname="com.google.gson.DefaultMapJsonSerializerTest" time="0.0"/>
  <system-out><![CDATA[]]></system-out>
  <system-err><![CDATA[]]></system-err>
</testsuite>
