<?xml version="1.0" encoding="UTF-8"?>
<testsuite name="com.google.gson.functional.CustomDeserializerTest" tests="7" skipped="0" failures="0" errors="0" timestamp="2019-05-02T19:54:49" hostname="coras-air.dynamic.ucsd.edu" time="0.026">
  <properties/>
  <testcase name="testCustomDeserializerReturnsNullForArrayElements" classname="com.google.gson.functional.CustomDeserializerTest" time="0.004"/>
  <testcase name="testCustomDeserializerReturnsNullForArrayElementsForArrayField" classname="com.google.gson.functional.CustomDeserializerTest" time="0.004"/>
  <testcase name="testDefaultConstructorNotCalledOnField" classname="com.google.gson.functional.CustomDeserializerTest" time="0.014"/>
  <testcase name="testJsonTypeFieldBasedDeserialization" classname="com.google.gson.functional.CustomDeserializerTest" time="0.002"/>
  <testcase name="testDefaultConstructorNotCalledOnObject" classname="com.google.gson.functional.CustomDeserializerTest" time="0.001"/>
  <testcase name="testCustomDeserializerReturnsNullForTopLevelObject" classname="com.google.gson.functional.CustomDeserializerTest" time="0.0"/>
  <testcase name="testCustomDeserializerReturnsNull" classname="com.google.gson.functional.CustomDeserializerTest" time="0.001"/>
  <system-out><![CDATA[]]></system-out>
  <system-err><![CDATA[]]></system-err>
</testsuite>
