<?xml version="1.0" encoding="UTF-8"?>
<testsuite name="com.google.gson.internal.bind.JsonElementReaderTest" tests="17" skipped="0" failures="0" errors="0" timestamp="2019-05-02T19:54:48" hostname="coras-air.dynamic.ucsd.edu" time="0.02">
  <properties/>
  <testcase name="testEmptyArray" classname="com.google.gson.internal.bind.JsonElementReaderTest" time="0.001"/>
  <testcase name="testNestedObjects" classname="com.google.gson.internal.bind.JsonElementReaderTest" time="0.001"/>
  <testcase name="testBooleans" classname="com.google.gson.internal.bind.JsonElementReaderTest" time="0.0"/>
  <testcase name="testSkipValue" classname="com.google.gson.internal.bind.JsonElementReaderTest" time="0.0"/>
  <testcase name="testLenientNansAndInfinities" classname="com.google.gson.internal.bind.JsonElementReaderTest" time="0.004"/>
  <testcase name="testArray" classname="com.google.gson.internal.bind.JsonElementReaderTest" time="0.001"/>
  <testcase name="testNulls" classname="com.google.gson.internal.bind.JsonElementReaderTest" time="0.001"/>
  <testcase name="testEarlyClose" classname="com.google.gson.internal.bind.JsonElementReaderTest" time="0.001"/>
  <testcase name="testStrictNansAndInfinities" classname="com.google.gson.internal.bind.JsonElementReaderTest" time="0.001"/>
  <testcase name="testWrongType" classname="com.google.gson.internal.bind.JsonElementReaderTest" time="0.002"/>
  <testcase name="testEmptyObject" classname="com.google.gson.internal.bind.JsonElementReaderTest" time="0.0"/>
  <testcase name="testNumbersFromStrings" classname="com.google.gson.internal.bind.JsonElementReaderTest" time="0.0"/>
  <testcase name="testStringsFromNumbers" classname="com.google.gson.internal.bind.JsonElementReaderTest" time="0.0"/>
  <testcase name="testNestedArrays" classname="com.google.gson.internal.bind.JsonElementReaderTest" time="0.0"/>
  <testcase name="testObject" classname="com.google.gson.internal.bind.JsonElementReaderTest" time="0.001"/>
  <testcase name="testNumbers" classname="com.google.gson.internal.bind.JsonElementReaderTest" time="0.001"/>
  <testcase name="testStrings" classname="com.google.gson.internal.bind.JsonElementReaderTest" time="0.001"/>
  <system-out><![CDATA[]]></system-out>
  <system-err><![CDATA[]]></system-err>
</testsuite>
