<?xml version="1.0" encoding="UTF-8"?>
<testsuite name="com.google.gson.functional.MapAsArrayTypeAdapterTest" tests="5" skipped="0" failures="0" errors="0" timestamp="2019-05-02T19:54:49" hostname="coras-air.dynamic.ucsd.edu" time="0.013">
  <properties/>
  <testcase name="testMapWithTypeVariableSerialization" classname="com.google.gson.functional.MapAsArrayTypeAdapterTest" time="0.003"/>
  <testcase name="testTwoTypesCollapseToOneDeserialize" classname="com.google.gson.functional.MapAsArrayTypeAdapterTest" time="0.001"/>
  <testcase name="testMapWithTypeVariableDeserialization" classname="com.google.gson.functional.MapAsArrayTypeAdapterTest" time="0.001"/>
  <testcase name="testMultipleEnableComplexKeyRegistrationHasNoEffect" classname="com.google.gson.functional.MapAsArrayTypeAdapterTest" time="0.002"/>
  <testcase name="testSerializeComplexMapWithTypeAdapter" classname="com.google.gson.functional.MapAsArrayTypeAdapterTest" time="0.005"/>
  <system-out><![CDATA[]]></system-out>
  <system-err><![CDATA[]]></system-err>
</testsuite>
