<?xml version="1.0" encoding="UTF-8"?>
<testsuite name="com.google.gson.functional.InterfaceTest" tests="2" skipped="0" failures="0" errors="0" timestamp="2019-05-02T19:54:50" hostname="coras-air.dynamic.ucsd.edu" time="0.006">
  <properties/>
  <testcase name="testSerializingInterfaceObjectField" classname="com.google.gson.functional.InterfaceTest" time="0.005"/>
  <testcase name="testSerializingObjectImplementingInterface" classname="com.google.gson.functional.InterfaceTest" time="0.001"/>
  <system-out><![CDATA[]]></system-out>
  <system-err><![CDATA[]]></system-err>
</testsuite>
