<?xml version="1.0" encoding="UTF-8"?>
<testsuite name="com.google.gson.functional.InheritanceTest" tests="13" skipped="0" failures="0" errors="0" timestamp="2019-05-02T19:54:49" hostname="coras-air.dynamic.ucsd.edu" time="0.018">
  <properties/>
  <testcase name="testBaseSerializedAsBaseWhenSpecifiedWithExplicitType" classname="com.google.gson.functional.InheritanceTest" time="0.0"/>
  <testcase name="testClassWithBaseCollectionFieldSerialization" classname="com.google.gson.functional.InheritanceTest" time="0.001"/>
  <testcase name="testBaseSerializedAsSubWhenSpecifiedWithExplicitType" classname="com.google.gson.functional.InheritanceTest" time="0.0"/>
  <testcase name="testBaseSerializedAsSubWhenSpecifiedWithExplicitTypeForToJsonMethod" classname="com.google.gson.functional.InheritanceTest" time="0.001"/>
  <testcase name="testSubInterfacesOfCollectionSerialization" classname="com.google.gson.functional.InheritanceTest" time="0.003"/>
  <testcase name="testBaseSerializedAsBaseWhenSpecifiedWithExplicitTypeForToJsonMethod" classname="com.google.gson.functional.InheritanceTest" time="0.0"/>
  <testcase name="testClassWithBaseArrayFieldSerialization" classname="com.google.gson.functional.InheritanceTest" time="0.0"/>
  <testcase name="testBaseSerializedAsSub" classname="com.google.gson.functional.InheritanceTest" time="0.0"/>
  <testcase name="testSubInterfacesOfCollectionDeserialization" classname="com.google.gson.functional.InheritanceTest" time="0.007"/>
  <testcase name="testSubClassDeserialization" classname="com.google.gson.functional.InheritanceTest" time="0.001"/>
  <testcase name="testSubClassSerialization" classname="com.google.gson.functional.InheritanceTest" time="0.001"/>
  <testcase name="testBaseSerializedAsSubForToJsonMethod" classname="com.google.gson.functional.InheritanceTest" time="0.0"/>
  <testcase name="testClassWithBaseFieldSerialization" classname="com.google.gson.functional.InheritanceTest" time="0.001"/>
  <system-out><![CDATA[]]></system-out>
  <system-err><![CDATA[]]></system-err>
</testsuite>
