<?xml version="1.0" encoding="UTF-8"?>
<testsuite name="com.google.gson.functional.LeniencyTest" tests="1" skipped="0" failures="0" errors="0" timestamp="2019-05-02T19:54:50" hostname="coras-air.dynamic.ucsd.edu" time="0.001">
  <properties/>
  <testcase name="testLenientFromJson" classname="com.google.gson.functional.LeniencyTest" time="0.001"/>
  <system-out><![CDATA[]]></system-out>
  <system-err><![CDATA[]]></system-err>
</testsuite>
