<?xml version="1.0" encoding="UTF-8"?>
<testsuite name="com.google.gson.functional.PrettyPrintingTest" tests="8" skipped="0" failures="0" errors="0" timestamp="2019-05-02T19:54:50" hostname="coras-air.dynamic.ucsd.edu" time="0.008">
  <properties/>
  <testcase name="testPrettyPrintArrayOfPrimitiveArrays" classname="com.google.gson.functional.PrettyPrintingTest" time="0.001"/>
  <testcase name="testMap" classname="com.google.gson.functional.PrettyPrintingTest" time="0.002"/>
  <testcase name="testEmptyMapField" classname="com.google.gson.functional.PrettyPrintingTest" time="0.002"/>
  <testcase name="testPrettyPrintArrayOfObjects" classname="com.google.gson.functional.PrettyPrintingTest" time="0.001"/>
  <testcase name="testMultipleArrays" classname="com.google.gson.functional.PrettyPrintingTest" time="0.0"/>
  <testcase name="testPrettyPrintArrayOfPrimitives" classname="com.google.gson.functional.PrettyPrintingTest" time="0.0"/>
  <testcase name="testPrettyPrintListOfPrimitiveArrays" classname="com.google.gson.functional.PrettyPrintingTest" time="0.001"/>
  <testcase name="testPrettyPrintList" classname="com.google.gson.functional.PrettyPrintingTest" time="0.001"/>
  <system-out><![CDATA[]]></system-out>
  <system-err><![CDATA[]]></system-err>
</testsuite>
