<?xml version="1.0" encoding="UTF-8"?>
<testsuite name="com.google.gson.InnerClassExclusionStrategyTest" tests="4" skipped="0" failures="0" errors="0" timestamp="2019-05-02T19:54:48" hostname="coras-air.dynamic.ucsd.edu" time="0.001">
  <properties/>
  <testcase name="testExcludeInnerClassField" classname="com.google.gson.InnerClassExclusionStrategyTest" time="0.0"/>
  <testcase name="testIncludeStaticNestedClassObject" classname="com.google.gson.InnerClassExclusionStrategyTest" time="0.001"/>
  <testcase name="testIncludeStaticNestedClassField" classname="com.google.gson.InnerClassExclusionStrategyTest" time="0.0"/>
  <testcase name="testExcludeInnerClassObject" classname="com.google.gson.InnerClassExclusionStrategyTest" time="0.0"/>
  <system-out><![CDATA[]]></system-out>
  <system-err><![CDATA[]]></system-err>
</testsuite>
