<?xml version="1.0" encoding="UTF-8"?>
<testsuite name="com.google.gson.regression.JsonAdapterNullSafeTest" tests="2" skipped="0" failures="0" errors="0" timestamp="2019-05-02T19:54:48" hostname="coras-air.dynamic.ucsd.edu" time="0.006">
  <properties/>
  <testcase name="testNullSafeBugDeserialize" classname="com.google.gson.regression.JsonAdapterNullSafeTest" time="0.004"/>
  <testcase name="testNullSafeBugSerialize" classname="com.google.gson.regression.JsonAdapterNullSafeTest" time="0.002"/>
  <system-out><![CDATA[]]></system-out>
  <system-err><![CDATA[]]></system-err>
</testsuite>
