<?xml version="1.0" encoding="UTF-8"?>
<testsuite name="com.google.gson.DefaultInetAddressTypeAdapterTest" tests="1" skipped="0" failures="0" errors="0" timestamp="2019-05-02T19:54:50" hostname="coras-air.dynamic.ucsd.edu" time="0.0">
  <properties/>
  <testcase name="testInetAddressSerializationAndDeserialization" classname="com.google.gson.DefaultInetAddressTypeAdapterTest" time="0.0"/>
  <system-out><![CDATA[]]></system-out>
  <system-err><![CDATA[]]></system-err>
</testsuite>
