<?xml version="1.0" encoding="UTF-8"?>
<testsuite name="com.google.gson.functional.RawSerializationTest" tests="5" skipped="0" failures="0" errors="0" timestamp="2019-05-02T19:54:49" hostname="coras-air.dynamic.ucsd.edu" time="0.009">
  <properties/>
  <testcase name="testThreeLevelParameterizedObject" classname="com.google.gson.functional.RawSerializationTest" time="0.003"/>
  <testcase name="testCollectionOfPrimitives" classname="com.google.gson.functional.RawSerializationTest" time="0.001"/>
  <testcase name="testTwoLevelParameterizedObject" classname="com.google.gson.functional.RawSerializationTest" time="0.001"/>
  <testcase name="testCollectionOfObjects" classname="com.google.gson.functional.RawSerializationTest" time="0.001"/>
  <testcase name="testParameterizedObject" classname="com.google.gson.functional.RawSerializationTest" time="0.002"/>
  <system-out><![CDATA[]]></system-out>
  <system-err><![CDATA[]]></system-err>
</testsuite>
