<?xml version="1.0" encoding="UTF-8"?>
<testsuite name="com.google.gson.functional.CircularReferenceTest" tests="6" skipped="0" failures="0" errors="0" timestamp="2019-05-02T19:54:49" hostname="coras-air.dynamic.ucsd.edu" time="0.031">
  <properties/>
  <testcase name="testCircularSerialization" classname="com.google.gson.functional.CircularReferenceTest" time="0.014"/>
  <testcase name="testSelfReferenceCustomHandlerSerialization" classname="com.google.gson.functional.CircularReferenceTest" time="0.008"/>
  <testcase name="testSelfReferenceIgnoredInSerialization" classname="com.google.gson.functional.CircularReferenceTest" time="0.0"/>
  <testcase name="testDirectedAcyclicGraphDeserialization" classname="com.google.gson.functional.CircularReferenceTest" time="0.0"/>
  <testcase name="testSelfReferenceArrayFieldSerialization" classname="com.google.gson.functional.CircularReferenceTest" time="0.008"/>
  <testcase name="testDirectedAcyclicGraphSerialization" classname="com.google.gson.functional.CircularReferenceTest" time="0.0"/>
  <system-out><![CDATA[]]></system-out>
  <system-err><![CDATA[]]></system-err>
</testsuite>
