<?xml version="1.0" encoding="UTF-8"?>
<testsuite name="com.google.gson.MixedStreamTest" tests="12" skipped="0" failures="0" errors="0" timestamp="2019-05-02T19:54:48" hostname="coras-air.dynamic.ucsd.edu" time="0.014">
  <properties/>
  <testcase name="testWriteDoesNotMutateState" classname="com.google.gson.MixedStreamTest" time="0.001"/>
  <testcase name="testReadInvalidState" classname="com.google.gson.MixedStreamTest" time="0.001"/>
  <testcase name="testReadClosed" classname="com.google.gson.MixedStreamTest" time="0.001"/>
  <testcase name="testWriteMixedStreamed" classname="com.google.gson.MixedStreamTest" time="0.001"/>
  <testcase name="testWriteNulls" classname="com.google.gson.MixedStreamTest" time="0.001"/>
  <testcase name="testWriteInvalidState" classname="com.google.gson.MixedStreamTest" time="0.001"/>
  <testcase name="testWriteLenient" classname="com.google.gson.MixedStreamTest" time="0.003"/>
  <testcase name="testReadNulls" classname="com.google.gson.MixedStreamTest" time="0.001"/>
  <testcase name="testWriteHtmlSafe" classname="com.google.gson.MixedStreamTest" time="0.001"/>
  <testcase name="testWriteClosed" classname="com.google.gson.MixedStreamTest" time="0.001"/>
  <testcase name="testReadMixedStreamed" classname="com.google.gson.MixedStreamTest" time="0.001"/>
  <testcase name="testReaderDoesNotMutateState" classname="com.google.gson.MixedStreamTest" time="0.001"/>
  <system-out><![CDATA[]]></system-out>
  <system-err><![CDATA[]]></system-err>
</testsuite>
