<?xml version="1.0" encoding="UTF-8"?>
<testsuite name="com.google.gson.functional.JavaUtilConcurrentAtomicTest" tests="7" skipped="0" failures="0" errors="0" timestamp="2019-05-02T19:54:49" hostname="coras-air.dynamic.ucsd.edu" time="0.018">
  <properties/>
  <testcase name="testAtomicInteger" classname="com.google.gson.functional.JavaUtilConcurrentAtomicTest" time="0.0"/>
  <testcase name="testAtomicLong" classname="com.google.gson.functional.JavaUtilConcurrentAtomicTest" time="0.0"/>
  <testcase name="testAtomicLongArray" classname="com.google.gson.functional.JavaUtilConcurrentAtomicTest" time="0.001"/>
  <testcase name="testAtomicLongArrayWithStringSerializationPolicy" classname="com.google.gson.functional.JavaUtilConcurrentAtomicTest" time="0.0"/>
  <testcase name="testAtomicLongWithStringSerializationPolicy" classname="com.google.gson.functional.JavaUtilConcurrentAtomicTest" time="0.014"/>
  <testcase name="testAtomicBoolean" classname="com.google.gson.functional.JavaUtilConcurrentAtomicTest" time="0.001"/>
  <testcase name="testAtomicIntegerArray" classname="com.google.gson.functional.JavaUtilConcurrentAtomicTest" time="0.002"/>
  <system-out><![CDATA[]]></system-out>
  <system-err><![CDATA[]]></system-err>
</testsuite>
