<?xml version="1.0" encoding="UTF-8"?>
<testsuite name="com.google.gson.functional.MoreSpecificTypeSerializationTest" tests="6" skipped="0" failures="0" errors="0" timestamp="2019-05-02T19:54:49" hostname="coras-air.dynamic.ucsd.edu" time="0.017">
  <properties/>
  <testcase name="testListOfParameterizedSubclassFields" classname="com.google.gson.functional.MoreSpecificTypeSerializationTest" time="0.004"/>
  <testcase name="testParameterizedSubclassFields" classname="com.google.gson.functional.MoreSpecificTypeSerializationTest" time="0.0"/>
  <testcase name="testSubclassFields" classname="com.google.gson.functional.MoreSpecificTypeSerializationTest" time="0.002"/>
  <testcase name="testListOfSubclassFields" classname="com.google.gson.functional.MoreSpecificTypeSerializationTest" time="0.003"/>
  <testcase name="testMapOfParameterizedSubclassFields" classname="com.google.gson.functional.MoreSpecificTypeSerializationTest" time="0.007"/>
  <testcase name="testMapOfSubclassFields" classname="com.google.gson.functional.MoreSpecificTypeSerializationTest" time="0.001"/>
  <system-out><![CDATA[]]></system-out>
  <system-err><![CDATA[]]></system-err>
</testsuite>
