<?xml version="1.0" encoding="UTF-8"?>
<testsuite name="com.google.gson.functional.TreeTypeAdaptersTest" tests="2" skipped="0" failures="0" errors="0" timestamp="2019-05-02T19:54:50" hostname="coras-air.dynamic.ucsd.edu" time="0.004">
  <properties/>
  <testcase name="testSerializeId" classname="com.google.gson.functional.TreeTypeAdaptersTest" time="0.002"/>
  <testcase name="testDeserializeId" classname="com.google.gson.functional.TreeTypeAdaptersTest" time="0.002"/>
  <system-out><![CDATA[]]></system-out>
  <system-err><![CDATA[]]></system-err>
</testsuite>
