<?xml version="1.0" encoding="UTF-8"?>
<testsuite name="com.google.gson.JsonArrayTest" tests="5" skipped="0" failures="0" errors="0" timestamp="2019-05-02T19:54:48" hostname="coras-air.dynamic.ucsd.edu" time="0.001">
  <properties/>
  <testcase name="testSet" classname="com.google.gson.JsonArrayTest" time="0.0"/>
  <testcase name="testEqualsOnEmptyArray" classname="com.google.gson.JsonArrayTest" time="0.0"/>
  <testcase name="testDeepCopy" classname="com.google.gson.JsonArrayTest" time="0.0"/>
  <testcase name="testRemove" classname="com.google.gson.JsonArrayTest" time="0.0"/>
  <testcase name="testEqualsNonEmptyArray" classname="com.google.gson.JsonArrayTest" time="0.0"/>
  <system-out><![CDATA[]]></system-out>
  <system-err><![CDATA[]]></system-err>
</testsuite>
