<?xml version="1.0" encoding="UTF-8"?>
<testsuite name="com.google.gson.functional.CustomSerializerTest" tests="5" skipped="0" failures="0" errors="0" timestamp="2019-05-02T19:54:49" hostname="coras-air.dynamic.ucsd.edu" time="0.007">
  <properties/>
  <testcase name="testSubClassSerializerInvokedForBaseClassFieldsHoldingArrayOfSubClassInstances" classname="com.google.gson.functional.CustomSerializerTest" time="0.004"/>
  <testcase name="testBaseClassSerializerInvokedForBaseClassFields" classname="com.google.gson.functional.CustomSerializerTest" time="0.001"/>
  <testcase name="testSerializerReturnsNull" classname="com.google.gson.functional.CustomSerializerTest" time="0.001"/>
  <testcase name="testSubClassSerializerInvokedForBaseClassFieldsHoldingSubClassInstances" classname="com.google.gson.functional.CustomSerializerTest" time="0.0"/>
  <testcase name="testBaseClassSerializerInvokedForBaseClassFieldsHoldingSubClassInstances" classname="com.google.gson.functional.CustomSerializerTest" time="0.001"/>
  <system-out><![CDATA[]]></system-out>
  <system-err><![CDATA[]]></system-err>
</testsuite>
