<?xml version="1.0" encoding="UTF-8"?>
<testsuite name="com.google.gson.functional.UncategorizedTest" tests="6" skipped="0" failures="0" errors="0" timestamp="2019-05-02T19:54:49" hostname="coras-air.dynamic.ucsd.edu" time="0.006">
  <properties/>
  <testcase name="testTrailingWhitespace" classname="com.google.gson.functional.UncategorizedTest" time="0.001"/>
  <testcase name="testGsonInstanceReusableForSerializationAndDeserialization" classname="com.google.gson.functional.UncategorizedTest" time="0.001"/>
  <testcase name="testStaticFieldsAreNotSerialized" classname="com.google.gson.functional.UncategorizedTest" time="0.0"/>
  <testcase name="testReturningDerivedClassesDuringDeserialization" classname="com.google.gson.functional.UncategorizedTest" time="0.004"/>
  <testcase name="testObjectEqualButNotSameSerialization" classname="com.google.gson.functional.UncategorizedTest" time="0.0"/>
  <testcase name="testInvalidJsonDeserializationFails" classname="com.google.gson.functional.UncategorizedTest" time="0.0"/>
  <system-out><![CDATA[]]></system-out>
  <system-err><![CDATA[]]></system-err>
</testsuite>
