<?xml version="1.0" encoding="UTF-8"?>
<testsuite name="com.google.gson.GenericArrayTypeTest" tests="2" skipped="0" failures="0" errors="0" timestamp="2019-05-02T19:54:48" hostname="coras-air.dynamic.ucsd.edu" time="0.003">
  <properties/>
  <testcase name="testOurTypeFunctionality" classname="com.google.gson.GenericArrayTypeTest" time="0.002"/>
  <testcase name="testNotEquals" classname="com.google.gson.GenericArrayTypeTest" time="0.001"/>
  <system-out><![CDATA[]]></system-out>
  <system-err><![CDATA[]]></system-err>
</testsuite>
