<?xml version="1.0" encoding="UTF-8"?>
<testsuite name="com.google.gson.functional.InternationalizationTest" tests="4" skipped="0" failures="0" errors="0" timestamp="2019-05-02T19:54:49" hostname="coras-air.dynamic.ucsd.edu" time="0.002">
  <properties/>
  <testcase name="testStringsWithRawChineseCharactersDeserialization" classname="com.google.gson.functional.InternationalizationTest" time="0.0"/>
  <testcase name="testStringsWithUnicodeChineseCharactersEscapedDeserialization" classname="com.google.gson.functional.InternationalizationTest" time="0.0"/>
  <testcase name="testStringsWithUnicodeChineseCharactersSerialization" classname="com.google.gson.functional.InternationalizationTest" time="0.0"/>
  <testcase name="testStringsWithUnicodeChineseCharactersDeserialization" classname="com.google.gson.functional.InternationalizationTest" time="0.001"/>
  <system-out><![CDATA[]]></system-out>
  <system-err><![CDATA[]]></system-err>
</testsuite>
