<?xml version="1.0" encoding="UTF-8"?>
<testsuite name="com.google.gson.functional.NamingPolicyTest" tests="16" skipped="0" failures="0" errors="0" timestamp="2019-05-02T19:54:50" hostname="coras-air.dynamic.ucsd.edu" time="0.016">
  <properties/>
  <testcase name="testGsonWithNonDefaultFieldNamingPolicySerialization" classname="com.google.gson.functional.NamingPolicyTest" time="0.0"/>
  <testcase name="testComplexFieldNameStrategy" classname="com.google.gson.functional.NamingPolicyTest" time="0.001"/>
  <testcase name="testGsonWithLowerCaseUnderscorePolicySerialization" classname="com.google.gson.functional.NamingPolicyTest" time="0.0"/>
  <testcase name="testGsonDuplicateNameUsingSerializedNameFieldNamingPolicySerialization" classname="com.google.gson.functional.NamingPolicyTest" time="0.004"/>
  <testcase name="testGsonWithLowerCaseDotPolicyDeserialiation" classname="com.google.gson.functional.NamingPolicyTest" time="0.001"/>
  <testcase name="testGsonWithLowerCaseDashPolicySerialization" classname="com.google.gson.functional.NamingPolicyTest" time="0.002"/>
  <testcase name="testGsonWithUpperCamelCaseSpacesPolicySerialiation" classname="com.google.gson.functional.NamingPolicyTest" time="0.0"/>
  <testcase name="testDeprecatedNamingStrategy" classname="com.google.gson.functional.NamingPolicyTest" time="0.003"/>
  <testcase name="testGsonWithUpperCamelCaseSpacesPolicyDeserialiation" classname="com.google.gson.functional.NamingPolicyTest" time="0.002"/>
  <testcase name="testGsonWithLowerCaseDashPolicyDeserialiation" classname="com.google.gson.functional.NamingPolicyTest" time="0.0"/>
  <testcase name="testGsonWithLowerCaseDotPolicySerialization" classname="com.google.gson.functional.NamingPolicyTest" time="0.0"/>
  <testcase name="testAtSignInSerializedName" classname="com.google.gson.functional.NamingPolicyTest" time="0.001"/>
  <testcase name="testGsonWithSerializedNameFieldNamingPolicyDeserialization" classname="com.google.gson.functional.NamingPolicyTest" time="0.001"/>
  <testcase name="testGsonWithSerializedNameFieldNamingPolicySerialization" classname="com.google.gson.functional.NamingPolicyTest" time="0.0"/>
  <testcase name="testGsonWithLowerCaseUnderscorePolicyDeserialiation" classname="com.google.gson.functional.NamingPolicyTest" time="0.001"/>
  <testcase name="testGsonWithNonDefaultFieldNamingPolicyDeserialiation" classname="com.google.gson.functional.NamingPolicyTest" time="0.0"/>
  <system-out><![CDATA[]]></system-out>
  <system-err><![CDATA[]]></system-err>
</testsuite>
