<?xml version="1.0" encoding="UTF-8"?>
<testsuite name="com.google.gson.functional.CustomTypeAdaptersTest" tests="19" skipped="0" failures="0" errors="0" timestamp="2019-05-02T19:54:50" hostname="coras-air.dynamic.ucsd.edu" time="0.028">
  <properties/>
  <testcase name="testCustomAdapterInvokedForCollectionElementSerialization" classname="com.google.gson.functional.CustomTypeAdaptersTest" time="0.003"/>
  <testcase name="testEnsureCustomDeserializerNotInvokedForNullValues" classname="com.google.gson.functional.CustomTypeAdaptersTest" time="0.001"/>
  <testcase name="testCustomAdapterInvokedForCollectionElementSerializationWithType" classname="com.google.gson.functional.CustomTypeAdaptersTest" time="0.0"/>
  <testcase name="testCustomDeserializers" classname="com.google.gson.functional.CustomTypeAdaptersTest" time="0.001"/>
  <testcase name="testCustomAdapterInvokedForMapElementDeserialization" classname="com.google.gson.functional.CustomTypeAdaptersTest" time="0.002"/>
  <testcase name="testCustomNestedDeserializers" classname="com.google.gson.functional.CustomTypeAdaptersTest" time="0.001"/>
  <testcase name="testEnsureCustomSerializerNotInvokedForNullValues" classname="com.google.gson.functional.CustomTypeAdaptersTest" time="0.001"/>
  <testcase name="testCustomTypeAdapterAppliesToSubClassesSerializedAsBaseClass" classname="com.google.gson.functional.CustomTypeAdaptersTest" time="0.003"/>
  <testcase name="testCustomTypeAdapterDoesNotAppliesToSubClasses" classname="com.google.gson.functional.CustomTypeAdaptersTest" time="0.002"/>
  <testcase name="testCustomDeserializerInvokedForPrimitives" classname="com.google.gson.functional.CustomTypeAdaptersTest" time="0.002"/>
  <testcase name="testCustomNestedSerializers" classname="com.google.gson.functional.CustomTypeAdaptersTest" time="0.004"/>
  <testcase name="testCustomAdapterInvokedForMapElementSerialization" classname="com.google.gson.functional.CustomTypeAdaptersTest" time="0.0"/>
  <testcase name="testCustomByteArraySerializer" classname="com.google.gson.functional.CustomTypeAdaptersTest" time="0.001"/>
  <testcase name="testCustomAdapterInvokedForCollectionElementDeserialization" classname="com.google.gson.functional.CustomTypeAdaptersTest" time="0.002"/>
  <testcase name="testCustomSerializers" classname="com.google.gson.functional.CustomTypeAdaptersTest" time="0.0"/>
  <testcase name="testCustomByteArrayDeserializerAndInstanceCreator" classname="com.google.gson.functional.CustomTypeAdaptersTest" time="0.001"/>
  <testcase name="testCustomSerializerInvokedForPrimitives" classname="com.google.gson.functional.CustomTypeAdaptersTest" time="0.001"/>
  <testcase name="testRegisterHierarchyAdapterForDate" classname="com.google.gson.functional.CustomTypeAdaptersTest" time="0.001"/>
  <testcase name="testCustomAdapterInvokedForMapElementSerializationWithType" classname="com.google.gson.functional.CustomTypeAdaptersTest" time="0.001"/>
  <system-out><![CDATA[]]></system-out>
  <system-err><![CDATA[]]></system-err>
</testsuite>
