<?xml version="1.0" encoding="UTF-8"?>
<testsuite name="com.google.gson.stream.JsonWriterTest" tests="39" skipped="0" failures="0" errors="0" timestamp="2019-05-02T19:54:48" hostname="coras-air.dynamic.ucsd.edu" time="0.038">
  <properties/>
  <testcase name="testEmptyArray" classname="com.google.gson.stream.JsonWriterTest" time="0.001"/>
  <testcase name="testTwoNames" classname="com.google.gson.stream.JsonWriterTest" time="0.0"/>
  <testcase name="testNameWithoutValue" classname="com.google.gson.stream.JsonWriterTest" time="0.0"/>
  <testcase name="testBooleans" classname="com.google.gson.stream.JsonWriterTest" time="0.0"/>
  <testcase name="testBoxedBooleans" classname="com.google.gson.stream.JsonWriterTest" time="0.001"/>
  <testcase name="testInvalidTopLevelTypes" classname="com.google.gson.stream.JsonWriterTest" time="0.001"/>
  <testcase name="testNullStringValue" classname="com.google.gson.stream.JsonWriterTest" time="0.001"/>
  <testcase name="testDeepNestingArrays" classname="com.google.gson.stream.JsonWriterTest" time="0.0"/>
  <testcase name="testLongs" classname="com.google.gson.stream.JsonWriterTest" time="0.0"/>
  <testcase name="testNulls" classname="com.google.gson.stream.JsonWriterTest" time="0.0"/>
  <testcase name="testNullName" classname="com.google.gson.stream.JsonWriterTest" time="0.001"/>
  <testcase name="testArraysInObjects" classname="com.google.gson.stream.JsonWriterTest" time="0.001"/>
  <testcase name="testNonFiniteDoublesWhenLenient" classname="com.google.gson.stream.JsonWriterTest" time="0.0"/>
  <testcase name="testRepeatedName" classname="com.google.gson.stream.JsonWriterTest" time="0.001"/>
  <testcase name="testTopLevelValueTypes" classname="com.google.gson.stream.JsonWriterTest" time="0.0"/>
  <testcase name="testClosedWriterThrowsOnStructure" classname="com.google.gson.stream.JsonWriterTest" time="0.001"/>
  <testcase name="testObjectsInArrays" classname="com.google.gson.stream.JsonWriterTest" time="0.0"/>
  <testcase name="testStrictWriterDoesNotPermitMultipleTopLevelValues" classname="com.google.gson.stream.JsonWriterTest" time="0.0"/>
  <testcase name="testJsonValue" classname="com.google.gson.stream.JsonWriterTest" time="0.001"/>
  <testcase name="testWriterCloseIsIdempotent" classname="com.google.gson.stream.JsonWriterTest" time="0.001"/>
  <testcase name="testLenientWriterPermitsMultipleTopLevelValues" classname="com.google.gson.stream.JsonWriterTest" time="0.0"/>
  <testcase name="testBadNestingObject" classname="com.google.gson.stream.JsonWriterTest" time="0.0"/>
  <testcase name="testPrettyPrintArray" classname="com.google.gson.stream.JsonWriterTest" time="0.001"/>
  <testcase name="testPrettyPrintObject" classname="com.google.gson.stream.JsonWriterTest" time="0.001"/>
  <testcase name="testValueWithoutName" classname="com.google.gson.stream.JsonWriterTest" time="0.0"/>
  <testcase name="testDeepNestingObjects" classname="com.google.gson.stream.JsonWriterTest" time="0.004"/>
  <testcase name="testEmptyObject" classname="com.google.gson.stream.JsonWriterTest" time="0.0"/>
  <testcase name="testBadNestingArray" classname="com.google.gson.stream.JsonWriterTest" time="0.0"/>
  <testcase name="testMultipleTopLevelValues" classname="com.google.gson.stream.JsonWriterTest" time="0.0"/>
  <testcase name="testNonFiniteDoubles" classname="com.google.gson.stream.JsonWriterTest" time="0.0"/>
  <testcase name="testNonFiniteBoxedDoubles" classname="com.google.gson.stream.JsonWriterTest" time="0.0"/>
  <testcase name="testClosedWriterThrowsOnFlush" classname="com.google.gson.stream.JsonWriterTest" time="0.006"/>
  <testcase name="testClosedWriterThrowsOnValue" classname="com.google.gson.stream.JsonWriterTest" time="0.0"/>
  <testcase name="testDoubles" classname="com.google.gson.stream.JsonWriterTest" time="0.0"/>
  <testcase name="testNonFiniteBoxedDoublesWhenLenient" classname="com.google.gson.stream.JsonWriterTest" time="0.0"/>
  <testcase name="testClosedWriterThrowsOnName" classname="com.google.gson.stream.JsonWriterTest" time="0.0"/>
  <testcase name="testNumbers" classname="com.google.gson.stream.JsonWriterTest" time="0.002"/>
  <testcase name="testStrings" classname="com.google.gson.stream.JsonWriterTest" time="0.001"/>
  <testcase name="testUnicodeLineBreaksEscaped" classname="com.google.gson.stream.JsonWriterTest" time="0.0"/>
  <system-out><![CDATA[]]></system-out>
  <system-err><![CDATA[]]></system-err>
</testsuite>
