<?xml version="1.0" encoding="UTF-8"?>
<testsuite name="com.google.gson.functional.JsonAdapterAnnotationOnClassesTest" tests="9" skipped="0" failures="0" errors="0" timestamp="2019-05-02T19:54:49" hostname="coras-air.dynamic.ucsd.edu" time="0.028">
  <properties/>
  <testcase name="testJsonAdapterInvoked" classname="com.google.gson.functional.JsonAdapterAnnotationOnClassesTest" time="0.006"/>
  <testcase name="testRegisteredDeserializerOverridesJsonAdapter" classname="com.google.gson.functional.JsonAdapterAnnotationOnClassesTest" time="0.001"/>
  <testcase name="testRegisteredAdapterOverridesJsonAdapter" classname="com.google.gson.functional.JsonAdapterAnnotationOnClassesTest" time="0.001"/>
  <testcase name="testRegisteredSerializerOverridesJsonAdapter" classname="com.google.gson.functional.JsonAdapterAnnotationOnClassesTest" time="0.012"/>
  <testcase name="testNullSafeObjectFromJson" classname="com.google.gson.functional.JsonAdapterAnnotationOnClassesTest" time="0.001"/>
  <testcase name="testSuperclassTypeAdapterNotInvoked" classname="com.google.gson.functional.JsonAdapterAnnotationOnClassesTest" time="0.001"/>
  <testcase name="testIncorrectJsonAdapterType" classname="com.google.gson.functional.JsonAdapterAnnotationOnClassesTest" time="0.001"/>
  <testcase name="testJsonAdapterFactoryInvoked" classname="com.google.gson.functional.JsonAdapterAnnotationOnClassesTest" time="0.002"/>
  <testcase name="testIncorrectTypeAdapterFails" classname="com.google.gson.functional.JsonAdapterAnnotationOnClassesTest" time="0.002"/>
  <system-out><![CDATA[]]></system-out>
  <system-err><![CDATA[]]></system-err>
</testsuite>
