<?xml version="1.0" encoding="UTF-8"?>
<testsuite name="com.google.gson.OverrideCoreTypeAdaptersTest" tests="3" skipped="0" failures="0" errors="0" timestamp="2019-05-02T19:54:48" hostname="coras-air.dynamic.ucsd.edu" time="0.001">
  <properties/>
  <testcase name="testOverrideStringAdapter" classname="com.google.gson.OverrideCoreTypeAdaptersTest" time="0.0"/>
  <testcase name="testOverridePrimitiveBooleanAdapter" classname="com.google.gson.OverrideCoreTypeAdaptersTest" time="0.001"/>
  <testcase name="testOverrideWrapperBooleanAdapter" classname="com.google.gson.OverrideCoreTypeAdaptersTest" time="0.0"/>
  <system-out><![CDATA[]]></system-out>
  <system-err><![CDATA[]]></system-err>
</testsuite>
