<?xml version="1.0" encoding="UTF-8"?>
<testsuite name="com.google.gson.functional.TypeVariableTest" tests="3" skipped="0" failures="0" errors="0" timestamp="2019-05-02T19:54:50" hostname="coras-air.dynamic.ucsd.edu" time="0.004">
  <properties/>
  <testcase name="testBasicTypeVariables" classname="com.google.gson.functional.TypeVariableTest" time="0.002"/>
  <testcase name="testAdvancedTypeVariables" classname="com.google.gson.functional.TypeVariableTest" time="0.001"/>
  <testcase name="testTypeVariablesViaTypeParameter" classname="com.google.gson.functional.TypeVariableTest" time="0.001"/>
  <system-out><![CDATA[]]></system-out>
  <system-err><![CDATA[]]></system-err>
</testsuite>
