<?xml version="1.0" encoding="UTF-8"?>
<testsuite name="com.google.gson.GsonBuilderTest" tests="4" skipped="0" failures="0" errors="0" timestamp="2019-05-02T19:54:48" hostname="coras-air.dynamic.ucsd.edu" time="0.007">
  <properties/>
  <testcase name="testTransientFieldExclusion" classname="com.google.gson.GsonBuilderTest" time="0.003"/>
  <testcase name="testExcludeFieldsWithModifiers" classname="com.google.gson.GsonBuilderTest" time="0.001"/>
  <testcase name="testRegisterTypeAdapterForCoreType" classname="com.google.gson.GsonBuilderTest" time="0.002"/>
  <testcase name="testCreatingMoreThanOnce" classname="com.google.gson.GsonBuilderTest" time="0.0"/>
  <system-out><![CDATA[]]></system-out>
  <system-err><![CDATA[]]></system-err>
</testsuite>
