<?xml version="1.0" encoding="UTF-8"?>
<testsuite name="com.google.gson.functional.GsonVersionDiagnosticsTest" tests="3" skipped="0" failures="0" errors="0" timestamp="2019-05-02T19:54:49" hostname="coras-air.dynamic.ucsd.edu" time="0.003">
  <properties/>
  <testcase name="testVersionPattern" classname="com.google.gson.functional.GsonVersionDiagnosticsTest" time="0.002"/>
  <testcase name="testAssertionErrorInDeserializationPrintsVersion" classname="com.google.gson.functional.GsonVersionDiagnosticsTest" time="0.0"/>
  <testcase name="testAssertionErrorInSerializationPrintsVersion" classname="com.google.gson.functional.GsonVersionDiagnosticsTest" time="0.0"/>
  <system-out><![CDATA[]]></system-out>
  <system-err><![CDATA[]]></system-err>
</testsuite>
