<?xml version="1.0" encoding="UTF-8"?>
<testsuite name="com.google.gson.functional.CollectionTest" tests="29" skipped="0" failures="0" errors="0" timestamp="2019-05-02T19:54:49" hostname="coras-air.dynamic.ucsd.edu" time="0.058">
  <properties/>
  <testcase name="testWildcardCollectionField" classname="com.google.gson.functional.CollectionTest" time="0.003"/>
  <testcase name="testCollectionOfObjectWithNullSerialization" classname="com.google.gson.functional.CollectionTest" time="0.0"/>
  <testcase name="testFieldIsArrayList" classname="com.google.gson.functional.CollectionTest" time="0.001"/>
  <testcase name="testRawCollectionOfIntegersSerialization" classname="com.google.gson.functional.CollectionTest" time="0.002"/>
  <testcase name="testTopLevelCollectionOfIntegersDeserialization" classname="com.google.gson.functional.CollectionTest" time="0.001"/>
  <testcase name="testCollectionOfStringsDeserialization" classname="com.google.gson.functional.CollectionTest" time="0.001"/>
  <testcase name="testPriorityQueue" classname="com.google.gson.functional.CollectionTest" time="0.002"/>
  <testcase name="testStack" classname="com.google.gson.functional.CollectionTest" time="0.002"/>
  <testcase name="testLinkedListDeserialization" classname="com.google.gson.functional.CollectionTest" time="0.001"/>
  <testcase name="testQueueSerialization" classname="com.google.gson.functional.CollectionTest" time="0.002"/>
  <testcase name="testWildcardPrimitiveCollectionSerilaization" classname="com.google.gson.functional.CollectionTest" time="0.001"/>
  <testcase name="testCollectionOfStringsSerialization" classname="com.google.gson.functional.CollectionTest" time="0.001"/>
  <testcase name="testNullsInListSerialization" classname="com.google.gson.functional.CollectionTest" time="0.001"/>
  <testcase name="testRawCollectionSerialization" classname="com.google.gson.functional.CollectionTest" time="0.003"/>
  <testcase name="testWildcardPrimitiveCollectionDeserilaization" classname="com.google.gson.functional.CollectionTest" time="0.001"/>
  <testcase name="testTopLevelListOfIntegerCollectionsDeserialization" classname="com.google.gson.functional.CollectionTest" time="0.001"/>
  <testcase name="testCollectionOfObjectSerialization" classname="com.google.gson.functional.CollectionTest" time="0.003"/>
  <testcase name="testRawCollectionDeserializationNotAlllowed" classname="com.google.gson.functional.CollectionTest" time="0.001"/>
  <testcase name="testSetDeserialization" classname="com.google.gson.functional.CollectionTest" time="0.001"/>
  <testcase name="testIssue1107" classname="com.google.gson.functional.CollectionTest" time="0.001"/>
  <testcase name="testCollectionOfBagOfPrimitivesSerialization" classname="com.google.gson.functional.CollectionTest" time="0.0"/>
  <testcase name="testLinkedListSerialization" classname="com.google.gson.functional.CollectionTest" time="0.001"/>
  <testcase name="testNullsInListDeserialization" classname="com.google.gson.functional.CollectionTest" time="0.002"/>
  <testcase name="testSetSerialization" classname="com.google.gson.functional.CollectionTest" time="0.001"/>
  <testcase name="testTopLevelCollectionOfIntegersSerialization" classname="com.google.gson.functional.CollectionTest" time="0.002"/>
  <testcase name="testRawCollectionOfBagOfPrimitivesNotAllowed" classname="com.google.gson.functional.CollectionTest" time="0.001"/>
  <testcase name="testVector" classname="com.google.gson.functional.CollectionTest" time="0.002"/>
  <testcase name="testUserCollectionTypeAdapter" classname="com.google.gson.functional.CollectionTest" time="0.002"/>
  <testcase name="testQueueDeserialization" classname="com.google.gson.functional.CollectionTest" time="0.001"/>
  <system-out><![CDATA[]]></system-out>
  <system-err><![CDATA[]]></system-err>
</testsuite>
