<?xml version="1.0" encoding="UTF-8"?>
<testsuite name="com.google.gson.functional.JavaUtilTest" tests="2" skipped="0" failures="0" errors="0" timestamp="2019-05-02T19:54:49" hostname="coras-air.dynamic.ucsd.edu" time="0.003">
  <properties/>
  <testcase name="testProperties" classname="com.google.gson.functional.JavaUtilTest" time="0.001"/>
  <testcase name="testCurrency" classname="com.google.gson.functional.JavaUtilTest" time="0.002"/>
  <system-out><![CDATA[]]></system-out>
  <system-err><![CDATA[]]></system-err>
</testsuite>
