<?xml version="1.0" encoding="UTF-8"?>
<testsuite name="com.google.gson.functional.JsonParserTest" tests="8" skipped="0" failures="0" errors="0" timestamp="2019-05-02T19:54:49" hostname="coras-air.dynamic.ucsd.edu" time="0.007">
  <properties/>
  <testcase name="testBadFieldTypeForDeserializingCustomTree" classname="com.google.gson.functional.JsonParserTest" time="0.001"/>
  <testcase name="testDeserializingCustomTree" classname="com.google.gson.functional.JsonParserTest" time="0.0"/>
  <testcase name="testBadFieldTypeForCustomDeserializerCustomTree" classname="com.google.gson.functional.JsonParserTest" time="0.001"/>
  <testcase name="testChangingCustomTreeAndDeserializing" classname="com.google.gson.functional.JsonParserTest" time="0.0"/>
  <testcase name="testBadTypeForDeserializingCustomTree" classname="com.google.gson.functional.JsonParserTest" time="0.001"/>
  <testcase name="testExtraCommasInMaps" classname="com.google.gson.functional.JsonParserTest" time="0.001"/>
  <testcase name="testExtraCommasInArrays" classname="com.google.gson.functional.JsonParserTest" time="0.002"/>
  <testcase name="testParseInvalidJson" classname="com.google.gson.functional.JsonParserTest" time="0.001"/>
  <system-out><![CDATA[]]></system-out>
  <system-err><![CDATA[]]></system-err>
</testsuite>
