<?xml version="1.0" encoding="UTF-8"?>
<testsuite name="com.google.gson.functional.ConcurrencyTest" tests="4" skipped="0" failures="0" errors="0" timestamp="2019-05-02T19:54:49" hostname="coras-air.dynamic.ucsd.edu" time="0.014">
  <properties/>
  <testcase name="testMultiThreadSerialization" classname="com.google.gson.functional.ConcurrencyTest" time="0.008"/>
  <testcase name="testSingleThreadDeserialization" classname="com.google.gson.functional.ConcurrencyTest" time="0.0"/>
  <testcase name="testMultiThreadDeserialization" classname="com.google.gson.functional.ConcurrencyTest" time="0.006"/>
  <testcase name="testSingleThreadSerialization" classname="com.google.gson.functional.ConcurrencyTest" time="0.0"/>
  <system-out><![CDATA[]]></system-out>
  <system-err><![CDATA[]]></system-err>
</testsuite>
