<?xml version="1.0" encoding="UTF-8"?>
<testsuite name="com.google.gson.functional.EnumTest" tests="12" skipped="0" failures="0" errors="0" timestamp="2019-05-02T19:54:50" hostname="coras-air.dynamic.ucsd.edu" time="0.018">
  <properties/>
  <testcase name="testEnumClassWithFields" classname="com.google.gson.functional.EnumTest" time="0.001"/>
  <testcase name="testEnumSet" classname="com.google.gson.functional.EnumTest" time="0.004"/>
  <testcase name="testEnumSubclassAsParameterizedType" classname="com.google.gson.functional.EnumTest" time="0.001"/>
  <testcase name="testEnumSubclassWithRegisteredTypeAdapter" classname="com.google.gson.functional.EnumTest" time="0.001"/>
  <testcase name="testEnumSubclass" classname="com.google.gson.functional.EnumTest" time="0.001"/>
  <testcase name="testCollectionOfEnumsDeserialization" classname="com.google.gson.functional.EnumTest" time="0.003"/>
  <testcase name="testTopLevelEnumDeserialization" classname="com.google.gson.functional.EnumTest" time="0.0"/>
  <testcase name="testClassWithEnumFieldSerialization" classname="com.google.gson.functional.EnumTest" time="0.002"/>
  <testcase name="testClassWithEnumFieldDeserialization" classname="com.google.gson.functional.EnumTest" time="0.0"/>
  <testcase name="testCollectionOfEnumsSerialization" classname="com.google.gson.functional.EnumTest" time="0.0"/>
  <testcase name="testEnumCaseMapping" classname="com.google.gson.functional.EnumTest" time="0.003"/>
  <testcase name="testTopLevelEnumSerialization" classname="com.google.gson.functional.EnumTest" time="0.0"/>
  <system-out><![CDATA[]]></system-out>
  <system-err><![CDATA[]]></system-err>
</testsuite>
