<?xml version="1.0" encoding="UTF-8"?>
<testsuite name="com.google.gson.functional.ThrowableFunctionalTest" tests="5" skipped="0" failures="0" errors="0" timestamp="2019-05-02T19:54:50" hostname="coras-air.dynamic.ucsd.edu" time="0.009">
  <properties/>
  <testcase name="testErrorWithoutCause" classname="com.google.gson.functional.ThrowableFunctionalTest" time="0.001"/>
  <testcase name="testSerializedNameOnExceptionFields" classname="com.google.gson.functional.ThrowableFunctionalTest" time="0.002"/>
  <testcase name="testExceptionWithCause" classname="com.google.gson.functional.ThrowableFunctionalTest" time="0.001"/>
  <testcase name="testExceptionWithoutCause" classname="com.google.gson.functional.ThrowableFunctionalTest" time="0.001"/>
  <testcase name="testErrornWithCause" classname="com.google.gson.functional.ThrowableFunctionalTest" time="0.003"/>
  <system-out><![CDATA[]]></system-out>
  <system-err><![CDATA[]]></system-err>
</testsuite>
