<?xml version="1.0" encoding="UTF-8"?>
<testsuite name="com.google.gson.LongSerializationPolicyTest" tests="4" skipped="0" failures="0" errors="0" timestamp="2019-05-02T19:54:50" hostname="coras-air.dynamic.ucsd.edu" time="0.002">
  <properties/>
  <testcase name="testStringLongSerializationIntegration" classname="com.google.gson.LongSerializationPolicyTest" time="0.0"/>
  <testcase name="testDefaultLongSerializationIntegration" classname="com.google.gson.LongSerializationPolicyTest" time="0.0"/>
  <testcase name="testStringLongSerialization" classname="com.google.gson.LongSerializationPolicyTest" time="0.001"/>
  <testcase name="testDefaultLongSerialization" classname="com.google.gson.LongSerializationPolicyTest" time="0.001"/>
  <system-out><![CDATA[]]></system-out>
  <system-err><![CDATA[]]></system-err>
</testsuite>
