<?xml version="1.0" encoding="UTF-8"?>
<testsuite name="com.google.gson.functional.ExposeFieldsTest" tests="8" skipped="0" failures="0" errors="0" timestamp="2019-05-02T19:54:49" hostname="coras-air.dynamic.ucsd.edu" time="0.041">
  <properties/>
  <testcase name="testNullExposeFieldSerialization" classname="com.google.gson.functional.ExposeFieldsTest" time="0.003"/>
  <testcase name="testNoExposedFieldDeserialization" classname="com.google.gson.functional.ExposeFieldsTest" time="0.001"/>
  <testcase name="testExposeAnnotationSerialization" classname="com.google.gson.functional.ExposeFieldsTest" time="0.031"/>
  <testcase name="testExposedInterfaceFieldDeserialization" classname="com.google.gson.functional.ExposeFieldsTest" time="0.001"/>
  <testcase name="testNoExposedFieldSerialization" classname="com.google.gson.functional.ExposeFieldsTest" time="0.0"/>
  <testcase name="testExposeAnnotationDeserialization" classname="com.google.gson.functional.ExposeFieldsTest" time="0.003"/>
  <testcase name="testArrayWithOneNullExposeFieldObjectSerialization" classname="com.google.gson.functional.ExposeFieldsTest" time="0.001"/>
  <testcase name="testExposedInterfaceFieldSerialization" classname="com.google.gson.functional.ExposeFieldsTest" time="0.001"/>
  <system-out><![CDATA[]]></system-out>
  <system-err><![CDATA[]]></system-err>
</testsuite>
